[ 2019-10-08T14:55:12+08:00 ] ::1 ::1 GET /
[ log ] localhost/ [运行时间：0.024373s][吞吐率：41.03req/s] [内存消耗：1,659.77kb] [文件加载：32]
[ info ] [ LANG ] /Users/iswangweiyan/Desktop/o2o_tp5/imooc_o2o/thinkphp/lang/zh-cn.php
[ info ] [ ROUTE ] array (
  'type' => 'module',
  'module' => 
  array (
    0 => '',
    1 => NULL,
    2 => NULL,
  ),
)
[ info ] [ HEADER ] array (
  'host' => 'localhost',
  'connection' => 'keep-alive',
  'upgrade-insecure-requests' => '1',
  'user-agent' => 'Mozilla/5.0 (Macintosh; Intel Mac OS X 10_14_6) AppleWebKit/537.36 (KHTML, like Gecko) Chrome/77.0.3865.90 Safari/537.36',
  'sec-fetch-mode' => 'navigate',
  'sec-fetch-user' => '?1',
  'accept' => 'text/html,application/xhtml+xml,application/xml;q=0.9,image/webp,image/apng,*/*;q=0.8,application/signed-exchange;v=b3',
  'purpose' => 'prefetch',
  'sec-fetch-site' => 'none',
  'accept-encoding' => 'gzip, deflate, br',
  'accept-language' => 'zh-CN,zh;q=0.9,zh-TW;q=0.8,en;q=0.7',
  'cookie' => 'Phpstorm-18e9edc6=253805cc-5eb4-4676-b8e6-feca21d42999; pgv_pvi=2703814656',
)
[ info ] [ PARAM ] array (
)
[ info ] [ RUN ] app\index\controller\Index->index[ /Users/iswangweiyan/Desktop/o2o_tp5/imooc_o2o/application/index/controller/Index.php ]
[ info ] [ VIEW ] /Users/iswangweiyan/Desktop/o2o_tp5/imooc_o2o/public/../application/index/view/index/index.html [ array (
) ]
[ info ] [ LOG ] INIT File

---------------------------------------------------------------
[ 2019-10-08T14:55:12+08:00 ] ::1 ::1 GET /image/b219ebc4b74543a9c6c87b8e18178a82b80114a4.jpg
[ log ] localhost/image/b219ebc4b74543a9c6c87b8e18178a82b80114a4.jpg [运行时间：0.024012s][吞吐率：41.65req/s] [内存消耗：1,292.48kb] [文件加载：27]
[ info ] [ LANG ] /Users/iswangweiyan/Desktop/o2o_tp5/imooc_o2o/thinkphp/lang/zh-cn.php
[ info ] [ ROUTE ] array (
  'type' => 'module',
  'module' => 
  array (
    0 => 'image',
    1 => 'b219ebc4b74543a9c6c87b8e18178a82b80114a4.jpg',
    2 => NULL,
  ),
)
[ info ] [ HEADER ] array (
  'host' => 'localhost',
  'connection' => 'keep-alive',
  'sec-fetch-mode' => 'no-cors',
  'user-agent' => 'Mozilla/5.0 (Macintosh; Intel Mac OS X 10_14_6) AppleWebKit/537.36 (KHTML, like Gecko) Chrome/77.0.3865.90 Safari/537.36',
  'accept' => 'image/webp,image/apng,image/*,*/*;q=0.8',
  'purpose' => 'prefetch',
  'sec-fetch-site' => 'same-origin',
  'referer' => 'http://localhost/',
  'accept-encoding' => 'gzip, deflate, br',
  'accept-language' => 'zh-CN,zh;q=0.9,zh-TW;q=0.8,en;q=0.7',
  'cookie' => 'Phpstorm-18e9edc6=253805cc-5eb4-4676-b8e6-feca21d42999; pgv_pvi=2703814656',
)
[ info ] [ PARAM ] array (
)
[ info ] [ LOG ] INIT File

---------------------------------------------------------------
[ 2019-10-08T14:55:12+08:00 ] ::1 ::1 GET /image/72f082025aafa40f9205eb43a364034f79f01968.jpg
[ log ] localhost/image/72f082025aafa40f9205eb43a364034f79f01968.jpg [运行时间：0.025774s][吞吐率：38.80req/s] [内存消耗：1,292.48kb] [文件加载：27]
[ info ] [ LANG ] /Users/iswangweiyan/Desktop/o2o_tp5/imooc_o2o/thinkphp/lang/zh-cn.php
[ info ] [ ROUTE ] array (
  'type' => 'module',
  'module' => 
  array (
    0 => 'image',
    1 => '72f082025aafa40f9205eb43a364034f79f01968.jpg',
    2 => NULL,
  ),
)
[ info ] [ HEADER ] array (
  'host' => 'localhost',
  'connection' => 'keep-alive',
  'sec-fetch-mode' => 'no-cors',
  'user-agent' => 'Mozilla/5.0 (Macintosh; Intel Mac OS X 10_14_6) AppleWebKit/537.36 (KHTML, like Gecko) Chrome/77.0.3865.90 Safari/537.36',
  'accept' => 'image/webp,image/apng,image/*,*/*;q=0.8',
  'purpose' => 'prefetch',
  'sec-fetch-site' => 'same-origin',
  'referer' => 'http://localhost/',
  'accept-encoding' => 'gzip, deflate, br',
  'accept-language' => 'zh-CN,zh;q=0.9,zh-TW;q=0.8,en;q=0.7',
  'cookie' => 'Phpstorm-18e9edc6=253805cc-5eb4-4676-b8e6-feca21d42999; pgv_pvi=2703814656',
)
[ info ] [ PARAM ] array (
)
[ info ] [ LOG ] INIT File

---------------------------------------------------------------
[ 2019-10-08T14:55:12+08:00 ] ::1 ::1 GET /image/63d0f703918fa0ec7c51e2912e9759ee3c6ddb9c.jpg
[ log ] localhost/image/63d0f703918fa0ec7c51e2912e9759ee3c6ddb9c.jpg [运行时间：0.059380s][吞吐率：16.84req/s] [内存消耗：1,292.48kb] [文件加载：27]
[ info ] [ LANG ] /Users/iswangweiyan/Desktop/o2o_tp5/imooc_o2o/thinkphp/lang/zh-cn.php
[ info ] [ ROUTE ] array (
  'type' => 'module',
  'module' => 
  array (
    0 => 'image',
    1 => '63d0f703918fa0ec7c51e2912e9759ee3c6ddb9c.jpg',
    2 => NULL,
  ),
)
[ info ] [ HEADER ] array (
  'host' => 'localhost',
  'connection' => 'keep-alive',
  'sec-fetch-mode' => 'no-cors',
  'user-agent' => 'Mozilla/5.0 (Macintosh; Intel Mac OS X 10_14_6) AppleWebKit/537.36 (KHTML, like Gecko) Chrome/77.0.3865.90 Safari/537.36',
  'accept' => 'image/webp,image/apng,image/*,*/*;q=0.8',
  'purpose' => 'prefetch',
  'sec-fetch-site' => 'same-origin',
  'referer' => 'http://localhost/',
  'accept-encoding' => 'gzip, deflate, br',
  'accept-language' => 'zh-CN,zh;q=0.9,zh-TW;q=0.8,en;q=0.7',
  'cookie' => 'Phpstorm-18e9edc6=253805cc-5eb4-4676-b8e6-feca21d42999; pgv_pvi=2703814656',
)
[ info ] [ PARAM ] array (
)
[ info ] [ LOG ] INIT File

---------------------------------------------------------------
[ 2019-10-08T14:55:12+08:00 ] ::1 ::1 GET /image/a1ec08fa513d2697b85e74c35dfbb2fb4216d89b.jpg
[ log ] localhost/image/a1ec08fa513d2697b85e74c35dfbb2fb4216d89b.jpg [运行时间：0.063902s][吞吐率：15.65req/s] [内存消耗：1,292.47kb] [文件加载：27]
[ info ] [ LANG ] /Users/iswangweiyan/Desktop/o2o_tp5/imooc_o2o/thinkphp/lang/zh-cn.php
[ info ] [ ROUTE ] array (
  'type' => 'module',
  'module' => 
  array (
    0 => 'image',
    1 => 'a1ec08fa513d2697b85e74c35dfbb2fb4216d89b.jpg',
    2 => NULL,
  ),
)
[ info ] [ HEADER ] array (
  'host' => 'localhost',
  'connection' => 'keep-alive',
  'sec-fetch-mode' => 'no-cors',
  'user-agent' => 'Mozilla/5.0 (Macintosh; Intel Mac OS X 10_14_6) AppleWebKit/537.36 (KHTML, like Gecko) Chrome/77.0.3865.90 Safari/537.36',
  'accept' => 'image/webp,image/apng,image/*,*/*;q=0.8',
  'purpose' => 'prefetch',
  'sec-fetch-site' => 'same-origin',
  'referer' => 'http://localhost/',
  'accept-encoding' => 'gzip, deflate, br',
  'accept-language' => 'zh-CN,zh;q=0.9,zh-TW;q=0.8,en;q=0.7',
  'cookie' => 'Phpstorm-18e9edc6=253805cc-5eb4-4676-b8e6-feca21d42999; pgv_pvi=2703814656',
)
[ info ] [ PARAM ] array (
)
[ info ] [ LOG ] INIT File

---------------------------------------------------------------
[ 2019-10-08T16:10:29+08:00 ] ::1 ::1 GET /
[ log ] localhost/ [运行时间：0.068056s][吞吐率：14.69req/s] [内存消耗：1,659.73kb] [文件加载：32]
[ info ] [ LANG ] /Users/iswangweiyan/Desktop/o2o_tp5/imooc_o2o/thinkphp/lang/zh-cn.php
[ info ] [ ROUTE ] array (
  'type' => 'module',
  'module' => 
  array (
    0 => '',
    1 => NULL,
    2 => NULL,
  ),
)
[ info ] [ HEADER ] array (
  'host' => 'localhost',
  'connection' => 'keep-alive',
  'upgrade-insecure-requests' => '1',
  'user-agent' => 'Mozilla/5.0 (Macintosh; Intel Mac OS X 10_14_6) AppleWebKit/537.36 (KHTML, like Gecko) Chrome/77.0.3865.90 Safari/537.36',
  'sec-fetch-mode' => 'navigate',
  'sec-fetch-user' => '?1',
  'accept' => 'text/html,application/xhtml+xml,application/xml;q=0.9,image/webp,image/apng,*/*;q=0.8,application/signed-exchange;v=b3',
  'purpose' => 'prefetch',
  'sec-fetch-site' => 'none',
  'accept-encoding' => 'gzip, deflate, br',
  'accept-language' => 'zh-CN,zh;q=0.9,zh-TW;q=0.8,en;q=0.7',
  'cookie' => 'Phpstorm-18e9edc6=253805cc-5eb4-4676-b8e6-feca21d42999; pgv_pvi=2703814656',
)
[ info ] [ PARAM ] array (
)
[ info ] [ RUN ] app\index\controller\Index->index[ /Users/iswangweiyan/Desktop/o2o_tp5/imooc_o2o/application/index/controller/Index.php ]
[ info ] [ VIEW ] /Users/iswangweiyan/Desktop/o2o_tp5/imooc_o2o/public/../application/index/view/index/index.html [ array (
) ]
[ info ] [ LOG ] INIT File

---------------------------------------------------------------
[ 2019-10-08T16:10:29+08:00 ] ::1 ::1 GET /image/a1ec08fa513d2697b85e74c35dfbb2fb4216d89b.jpg
[ log ] localhost/image/a1ec08fa513d2697b85e74c35dfbb2fb4216d89b.jpg [运行时间：0.024944s][吞吐率：40.09req/s] [内存消耗：1,292.47kb] [文件加载：27]
[ info ] [ LANG ] /Users/iswangweiyan/Desktop/o2o_tp5/imooc_o2o/thinkphp/lang/zh-cn.php
[ info ] [ ROUTE ] array (
  'type' => 'module',
  'module' => 
  array (
    0 => 'image',
    1 => 'a1ec08fa513d2697b85e74c35dfbb2fb4216d89b.jpg',
    2 => NULL,
  ),
)
[ info ] [ HEADER ] array (
  'host' => 'localhost',
  'connection' => 'keep-alive',
  'sec-fetch-mode' => 'no-cors',
  'user-agent' => 'Mozilla/5.0 (Macintosh; Intel Mac OS X 10_14_6) AppleWebKit/537.36 (KHTML, like Gecko) Chrome/77.0.3865.90 Safari/537.36',
  'accept' => 'image/webp,image/apng,image/*,*/*;q=0.8',
  'purpose' => 'prefetch',
  'sec-fetch-site' => 'same-origin',
  'referer' => 'http://localhost/',
  'accept-encoding' => 'gzip, deflate, br',
  'accept-language' => 'zh-CN,zh;q=0.9,zh-TW;q=0.8,en;q=0.7',
  'cookie' => 'Phpstorm-18e9edc6=253805cc-5eb4-4676-b8e6-feca21d42999; pgv_pvi=2703814656',
)
[ info ] [ PARAM ] array (
)
[ info ] [ LOG ] INIT File

---------------------------------------------------------------
[ 2019-10-08T16:10:29+08:00 ] ::1 ::1 GET /image/b219ebc4b74543a9c6c87b8e18178a82b80114a4.jpg
[ log ] localhost/image/b219ebc4b74543a9c6c87b8e18178a82b80114a4.jpg [运行时间：0.028986s][吞吐率：34.50req/s] [内存消耗：1,292.40kb] [文件加载：27]
[ info ] [ LANG ] /Users/iswangweiyan/Desktop/o2o_tp5/imooc_o2o/thinkphp/lang/zh-cn.php
[ info ] [ ROUTE ] array (
  'type' => 'module',
  'module' => 
  array (
    0 => 'image',
    1 => 'b219ebc4b74543a9c6c87b8e18178a82b80114a4.jpg',
    2 => NULL,
  ),
)
[ info ] [ HEADER ] array (
  'host' => 'localhost',
  'connection' => 'keep-alive',
  'sec-fetch-mode' => 'no-cors',
  'user-agent' => 'Mozilla/5.0 (Macintosh; Intel Mac OS X 10_14_6) AppleWebKit/537.36 (KHTML, like Gecko) Chrome/77.0.3865.90 Safari/537.36',
  'accept' => 'image/webp,image/apng,image/*,*/*;q=0.8',
  'purpose' => 'prefetch',
  'sec-fetch-site' => 'same-origin',
  'referer' => 'http://localhost/',
  'accept-encoding' => 'gzip, deflate, br',
  'accept-language' => 'zh-CN,zh;q=0.9,zh-TW;q=0.8,en;q=0.7',
  'cookie' => 'Phpstorm-18e9edc6=253805cc-5eb4-4676-b8e6-feca21d42999; pgv_pvi=2703814656',
)
[ info ] [ PARAM ] array (
)
[ info ] [ LOG ] INIT File

---------------------------------------------------------------
[ 2019-10-08T16:10:29+08:00 ] ::1 ::1 GET /image/72f082025aafa40f9205eb43a364034f79f01968.jpg
[ log ] localhost/image/72f082025aafa40f9205eb43a364034f79f01968.jpg [运行时间：0.033827s][吞吐率：29.56req/s] [内存消耗：1,292.48kb] [文件加载：27]
[ info ] [ LANG ] /Users/iswangweiyan/Desktop/o2o_tp5/imooc_o2o/thinkphp/lang/zh-cn.php
[ info ] [ ROUTE ] array (
  'type' => 'module',
  'module' => 
  array (
    0 => 'image',
    1 => '72f082025aafa40f9205eb43a364034f79f01968.jpg',
    2 => NULL,
  ),
)
[ info ] [ HEADER ] array (
  'host' => 'localhost',
  'connection' => 'keep-alive',
  'sec-fetch-mode' => 'no-cors',
  'user-agent' => 'Mozilla/5.0 (Macintosh; Intel Mac OS X 10_14_6) AppleWebKit/537.36 (KHTML, like Gecko) Chrome/77.0.3865.90 Safari/537.36',
  'accept' => 'image/webp,image/apng,image/*,*/*;q=0.8',
  'purpose' => 'prefetch',
  'sec-fetch-site' => 'same-origin',
  'referer' => 'http://localhost/',
  'accept-encoding' => 'gzip, deflate, br',
  'accept-language' => 'zh-CN,zh;q=0.9,zh-TW;q=0.8,en;q=0.7',
  'cookie' => 'Phpstorm-18e9edc6=253805cc-5eb4-4676-b8e6-feca21d42999; pgv_pvi=2703814656',
)
[ info ] [ PARAM ] array (
)
[ info ] [ LOG ] INIT File

---------------------------------------------------------------
[ 2019-10-08T16:10:29+08:00 ] ::1 ::1 GET /image/63d0f703918fa0ec7c51e2912e9759ee3c6ddb9c.jpg
[ log ] localhost/image/63d0f703918fa0ec7c51e2912e9759ee3c6ddb9c.jpg [运行时间：0.040727s][吞吐率：24.55req/s] [内存消耗：1,292.52kb] [文件加载：27]
[ info ] [ LANG ] /Users/iswangweiyan/Desktop/o2o_tp5/imooc_o2o/thinkphp/lang/zh-cn.php
[ info ] [ ROUTE ] array (
  'type' => 'module',
  'module' => 
  array (
    0 => 'image',
    1 => '63d0f703918fa0ec7c51e2912e9759ee3c6ddb9c.jpg',
    2 => NULL,
  ),
)
[ info ] [ HEADER ] array (
  'host' => 'localhost',
  'connection' => 'keep-alive',
  'sec-fetch-mode' => 'no-cors',
  'user-agent' => 'Mozilla/5.0 (Macintosh; Intel Mac OS X 10_14_6) AppleWebKit/537.36 (KHTML, like Gecko) Chrome/77.0.3865.90 Safari/537.36',
  'accept' => 'image/webp,image/apng,image/*,*/*;q=0.8',
  'purpose' => 'prefetch',
  'sec-fetch-site' => 'same-origin',
  'referer' => 'http://localhost/',
  'accept-encoding' => 'gzip, deflate, br',
  'accept-language' => 'zh-CN,zh;q=0.9,zh-TW;q=0.8,en;q=0.7',
  'cookie' => 'Phpstorm-18e9edc6=253805cc-5eb4-4676-b8e6-feca21d42999; pgv_pvi=2703814656',
)
[ info ] [ PARAM ] array (
)
[ info ] [ LOG ] INIT File

---------------------------------------------------------------
[ 2019-10-08T16:13:01+08:00 ] ::1 ::1 GET /
[ log ] localhost/ [运行时间：0.020165s][吞吐率：49.59req/s] [内存消耗：1,659.65kb] [文件加载：32]
[ info ] [ LANG ] /Users/iswangweiyan/Desktop/o2o_tp5/imooc_o2o/thinkphp/lang/zh-cn.php
[ info ] [ ROUTE ] array (
  'type' => 'module',
  'module' => 
  array (
    0 => '',
    1 => NULL,
    2 => NULL,
  ),
)
[ info ] [ HEADER ] array (
  'host' => 'localhost',
  'connection' => 'keep-alive',
  'upgrade-insecure-requests' => '1',
  'user-agent' => 'Mozilla/5.0 (Macintosh; Intel Mac OS X 10_14_6) AppleWebKit/537.36 (KHTML, like Gecko) Chrome/77.0.3865.90 Safari/537.36',
  'sec-fetch-mode' => 'navigate',
  'sec-fetch-user' => '?1',
  'accept' => 'text/html,application/xhtml+xml,application/xml;q=0.9,image/webp,image/apng,*/*;q=0.8,application/signed-exchange;v=b3',
  'purpose' => 'prefetch',
  'sec-fetch-site' => 'none',
  'accept-encoding' => 'gzip, deflate, br',
  'accept-language' => 'zh-CN,zh;q=0.9,zh-TW;q=0.8,en;q=0.7',
  'cookie' => 'Phpstorm-18e9edc6=253805cc-5eb4-4676-b8e6-feca21d42999; pgv_pvi=2703814656',
)
[ info ] [ PARAM ] array (
)
[ info ] [ RUN ] app\index\controller\Index->index[ /Users/iswangweiyan/Desktop/o2o_tp5/imooc_o2o/application/index/controller/Index.php ]
[ info ] [ VIEW ] /Users/iswangweiyan/Desktop/o2o_tp5/imooc_o2o/public/../application/index/view/index/index.html [ array (
) ]
[ info ] [ LOG ] INIT File

---------------------------------------------------------------
[ 2019-10-08T16:13:01+08:00 ] ::1 ::1 GET /image/a1ec08fa513d2697b85e74c35dfbb2fb4216d89b.jpg
[ log ] localhost/image/a1ec08fa513d2697b85e74c35dfbb2fb4216d89b.jpg [运行时间：0.015179s][吞吐率：65.88req/s] [内存消耗：1,292.51kb] [文件加载：27]
[ info ] [ LANG ] /Users/iswangweiyan/Desktop/o2o_tp5/imooc_o2o/thinkphp/lang/zh-cn.php
[ info ] [ ROUTE ] array (
  'type' => 'module',
  'module' => 
  array (
    0 => 'image',
    1 => 'a1ec08fa513d2697b85e74c35dfbb2fb4216d89b.jpg',
    2 => NULL,
  ),
)
[ info ] [ HEADER ] array (
  'host' => 'localhost',
  'connection' => 'keep-alive',
  'sec-fetch-mode' => 'no-cors',
  'user-agent' => 'Mozilla/5.0 (Macintosh; Intel Mac OS X 10_14_6) AppleWebKit/537.36 (KHTML, like Gecko) Chrome/77.0.3865.90 Safari/537.36',
  'accept' => 'image/webp,image/apng,image/*,*/*;q=0.8',
  'purpose' => 'prefetch',
  'sec-fetch-site' => 'same-origin',
  'referer' => 'http://localhost/',
  'accept-encoding' => 'gzip, deflate, br',
  'accept-language' => 'zh-CN,zh;q=0.9,zh-TW;q=0.8,en;q=0.7',
  'cookie' => 'Phpstorm-18e9edc6=253805cc-5eb4-4676-b8e6-feca21d42999; pgv_pvi=2703814656',
)
[ info ] [ PARAM ] array (
)
[ info ] [ LOG ] INIT File

---------------------------------------------------------------
[ 2019-10-08T16:13:01+08:00 ] ::1 ::1 GET /image/b219ebc4b74543a9c6c87b8e18178a82b80114a4.jpg
[ log ] localhost/image/b219ebc4b74543a9c6c87b8e18178a82b80114a4.jpg [运行时间：0.017723s][吞吐率：56.42req/s] [内存消耗：1,292.48kb] [文件加载：27]
[ info ] [ LANG ] /Users/iswangweiyan/Desktop/o2o_tp5/imooc_o2o/thinkphp/lang/zh-cn.php
[ info ] [ ROUTE ] array (
  'type' => 'module',
  'module' => 
  array (
    0 => 'image',
    1 => 'b219ebc4b74543a9c6c87b8e18178a82b80114a4.jpg',
    2 => NULL,
  ),
)
[ info ] [ HEADER ] array (
  'host' => 'localhost',
  'connection' => 'keep-alive',
  'sec-fetch-mode' => 'no-cors',
  'user-agent' => 'Mozilla/5.0 (Macintosh; Intel Mac OS X 10_14_6) AppleWebKit/537.36 (KHTML, like Gecko) Chrome/77.0.3865.90 Safari/537.36',
  'accept' => 'image/webp,image/apng,image/*,*/*;q=0.8',
  'purpose' => 'prefetch',
  'sec-fetch-site' => 'same-origin',
  'referer' => 'http://localhost/',
  'accept-encoding' => 'gzip, deflate, br',
  'accept-language' => 'zh-CN,zh;q=0.9,zh-TW;q=0.8,en;q=0.7',
  'cookie' => 'Phpstorm-18e9edc6=253805cc-5eb4-4676-b8e6-feca21d42999; pgv_pvi=2703814656',
)
[ info ] [ PARAM ] array (
)
[ info ] [ LOG ] INIT File

---------------------------------------------------------------
[ 2019-10-08T16:13:01+08:00 ] ::1 ::1 GET /image/72f082025aafa40f9205eb43a364034f79f01968.jpg
[ log ] localhost/image/72f082025aafa40f9205eb43a364034f79f01968.jpg [运行时间：0.018266s][吞吐率：54.75req/s] [内存消耗：1,292.48kb] [文件加载：27]
[ info ] [ LANG ] /Users/iswangweiyan/Desktop/o2o_tp5/imooc_o2o/thinkphp/lang/zh-cn.php
[ info ] [ ROUTE ] array (
  'type' => 'module',
  'module' => 
  array (
    0 => 'image',
    1 => '72f082025aafa40f9205eb43a364034f79f01968.jpg',
    2 => NULL,
  ),
)
[ info ] [ HEADER ] array (
  'host' => 'localhost',
  'connection' => 'keep-alive',
  'sec-fetch-mode' => 'no-cors',
  'user-agent' => 'Mozilla/5.0 (Macintosh; Intel Mac OS X 10_14_6) AppleWebKit/537.36 (KHTML, like Gecko) Chrome/77.0.3865.90 Safari/537.36',
  'accept' => 'image/webp,image/apng,image/*,*/*;q=0.8',
  'purpose' => 'prefetch',
  'sec-fetch-site' => 'same-origin',
  'referer' => 'http://localhost/',
  'accept-encoding' => 'gzip, deflate, br',
  'accept-language' => 'zh-CN,zh;q=0.9,zh-TW;q=0.8,en;q=0.7',
  'cookie' => 'Phpstorm-18e9edc6=253805cc-5eb4-4676-b8e6-feca21d42999; pgv_pvi=2703814656',
)
[ info ] [ PARAM ] array (
)
[ info ] [ LOG ] INIT File

---------------------------------------------------------------
[ 2019-10-08T16:13:01+08:00 ] ::1 ::1 GET /image/63d0f703918fa0ec7c51e2912e9759ee3c6ddb9c.jpg
[ log ] localhost/image/63d0f703918fa0ec7c51e2912e9759ee3c6ddb9c.jpg [运行时间：0.018372s][吞吐率：54.43req/s] [内存消耗：1,292.48kb] [文件加载：27]
[ info ] [ LANG ] /Users/iswangweiyan/Desktop/o2o_tp5/imooc_o2o/thinkphp/lang/zh-cn.php
[ info ] [ ROUTE ] array (
  'type' => 'module',
  'module' => 
  array (
    0 => 'image',
    1 => '63d0f703918fa0ec7c51e2912e9759ee3c6ddb9c.jpg',
    2 => NULL,
  ),
)
[ info ] [ HEADER ] array (
  'host' => 'localhost',
  'connection' => 'keep-alive',
  'sec-fetch-mode' => 'no-cors',
  'user-agent' => 'Mozilla/5.0 (Macintosh; Intel Mac OS X 10_14_6) AppleWebKit/537.36 (KHTML, like Gecko) Chrome/77.0.3865.90 Safari/537.36',
  'accept' => 'image/webp,image/apng,image/*,*/*;q=0.8',
  'purpose' => 'prefetch',
  'sec-fetch-site' => 'same-origin',
  'referer' => 'http://localhost/',
  'accept-encoding' => 'gzip, deflate, br',
  'accept-language' => 'zh-CN,zh;q=0.9,zh-TW;q=0.8,en;q=0.7',
  'cookie' => 'Phpstorm-18e9edc6=253805cc-5eb4-4676-b8e6-feca21d42999; pgv_pvi=2703814656',
)
[ info ] [ PARAM ] array (
)
[ info ] [ LOG ] INIT File

---------------------------------------------------------------
