[ 2019-10-12T21:39:40+08:00 ] 127.0.0.1 127.0.0.1 GET /
[ log ] o2o.singwa.com/ [运行时间：0.050614s][吞吐率：19.76req/s] [内存消耗：489.68kb] [文件加载：34]
[ info ] [ LANG ] C:\Users\iswan\Desktop\o2o_tp5\imooc_o2o\thinkphp\lang\zh-cn.php
[ info ] [ ROUTE ] array (
  'type' => 'module',
  'module' => 
  array (
    0 => '',
    1 => NULL,
    2 => NULL,
  ),
)
[ info ] [ HEADER ] array (
  'host' => 'o2o.singwa.com',
  'connection' => 'keep-alive',
  'upgrade-insecure-requests' => '1',
  'user-agent' => 'Mozilla/5.0 (Windows NT 10.0; WOW64) AppleWebKit/537.36 (KHTML, like Gecko) Chrome/77.0.3865.90 Safari/537.36',
  'accept' => 'text/html,application/xhtml+xml,application/xml;q=0.9,image/webp,image/apng,*/*;q=0.8,application/signed-exchange;v=b3',
  'accept-encoding' => 'gzip, deflate',
  'accept-language' => 'zh-CN,zh;q=0.9,zh-TW;q=0.8,en;q=0.7',
)
[ info ] [ PARAM ] array (
)
[ info ] [ RUN ] app\index\controller\Index->index[ C:\Users\iswan\Desktop\o2o_tp5\imooc_o2o\application\index\controller\Index.php ]
[ info ] [ VIEW ] C:\Users\iswan\Desktop\o2o_tp5\imooc_o2o\public/../application/index\view\index\index.html [ array (
) ]
[ info ] [ LOG ] INIT File

---------------------------------------------------------------
[ 2019-10-12T21:39:40+08:00 ] 127.0.0.1 127.0.0.1 GET /image/a1ec08fa513d2697b85e74c35dfbb2fb4216d89b.jpg
[ log ] o2o.singwa.com/image/a1ec08fa513d2697b85e74c35dfbb2fb4216d89b.jpg [运行时间：0.017185s][吞吐率：58.19req/s] [内存消耗：125.98kb] [文件加载：27]
[ info ] [ LANG ] C:\Users\iswan\Desktop\o2o_tp5\imooc_o2o\thinkphp\lang\zh-cn.php
[ info ] [ ROUTE ] array (
  'type' => 'module',
  'module' => 
  array (
    0 => 'image',
    1 => 'a1ec08fa513d2697b85e74c35dfbb2fb4216d89b.jpg',
    2 => NULL,
  ),
)
[ info ] [ HEADER ] array (
  'host' => 'o2o.singwa.com',
  'connection' => 'keep-alive',
  'user-agent' => 'Mozilla/5.0 (Windows NT 10.0; WOW64) AppleWebKit/537.36 (KHTML, like Gecko) Chrome/77.0.3865.90 Safari/537.36',
  'accept' => 'image/webp,image/apng,image/*,*/*;q=0.8',
  'referer' => 'http://o2o.singwa.com/',
  'accept-encoding' => 'gzip, deflate',
  'accept-language' => 'zh-CN,zh;q=0.9,zh-TW;q=0.8,en;q=0.7',
)
[ info ] [ PARAM ] array (
)
[ info ] [ LOG ] INIT File

---------------------------------------------------------------
[ 2019-10-12T21:39:40+08:00 ] 127.0.0.1 127.0.0.1 GET /image/63d0f703918fa0ec7c51e2912e9759ee3c6ddb9c.jpg
[ log ] o2o.singwa.com/image/63d0f703918fa0ec7c51e2912e9759ee3c6ddb9c.jpg [运行时间：0.006220s][吞吐率：160.78req/s] [内存消耗：124.64kb] [文件加载：27]
[ info ] [ LANG ] C:\Users\iswan\Desktop\o2o_tp5\imooc_o2o\thinkphp\lang\zh-cn.php
[ info ] [ ROUTE ] array (
  'type' => 'module',
  'module' => 
  array (
    0 => 'image',
    1 => '63d0f703918fa0ec7c51e2912e9759ee3c6ddb9c.jpg',
    2 => NULL,
  ),
)
[ info ] [ HEADER ] array (
  'host' => 'o2o.singwa.com',
  'connection' => 'keep-alive',
  'user-agent' => 'Mozilla/5.0 (Windows NT 10.0; WOW64) AppleWebKit/537.36 (KHTML, like Gecko) Chrome/77.0.3865.90 Safari/537.36',
  'accept' => 'image/webp,image/apng,image/*,*/*;q=0.8',
  'referer' => 'http://o2o.singwa.com/',
  'accept-encoding' => 'gzip, deflate',
  'accept-language' => 'zh-CN,zh;q=0.9,zh-TW;q=0.8,en;q=0.7',
)
[ info ] [ PARAM ] array (
)
[ info ] [ LOG ] INIT File

---------------------------------------------------------------
[ 2019-10-12T21:39:40+08:00 ] 127.0.0.1 127.0.0.1 GET /image/72f082025aafa40f9205eb43a364034f79f01968.jpg
[ log ] o2o.singwa.com/image/72f082025aafa40f9205eb43a364034f79f01968.jpg [运行时间：0.006995s][吞吐率：142.96req/s] [内存消耗：124.64kb] [文件加载：27]
[ info ] [ LANG ] C:\Users\iswan\Desktop\o2o_tp5\imooc_o2o\thinkphp\lang\zh-cn.php
[ info ] [ ROUTE ] array (
  'type' => 'module',
  'module' => 
  array (
    0 => 'image',
    1 => '72f082025aafa40f9205eb43a364034f79f01968.jpg',
    2 => NULL,
  ),
)
[ info ] [ HEADER ] array (
  'host' => 'o2o.singwa.com',
  'connection' => 'keep-alive',
  'user-agent' => 'Mozilla/5.0 (Windows NT 10.0; WOW64) AppleWebKit/537.36 (KHTML, like Gecko) Chrome/77.0.3865.90 Safari/537.36',
  'accept' => 'image/webp,image/apng,image/*,*/*;q=0.8',
  'referer' => 'http://o2o.singwa.com/',
  'accept-encoding' => 'gzip, deflate',
  'accept-language' => 'zh-CN,zh;q=0.9,zh-TW;q=0.8,en;q=0.7',
)
[ info ] [ PARAM ] array (
)
[ info ] [ LOG ] INIT File

---------------------------------------------------------------
[ 2019-10-12T21:39:40+08:00 ] 127.0.0.1 127.0.0.1 GET /image/b219ebc4b74543a9c6c87b8e18178a82b80114a4.jpg
[ log ] o2o.singwa.com/image/b219ebc4b74543a9c6c87b8e18178a82b80114a4.jpg [运行时间：0.011231s][吞吐率：89.04req/s] [内存消耗：124.64kb] [文件加载：27]
[ info ] [ LANG ] C:\Users\iswan\Desktop\o2o_tp5\imooc_o2o\thinkphp\lang\zh-cn.php
[ info ] [ ROUTE ] array (
  'type' => 'module',
  'module' => 
  array (
    0 => 'image',
    1 => 'b219ebc4b74543a9c6c87b8e18178a82b80114a4.jpg',
    2 => NULL,
  ),
)
[ info ] [ HEADER ] array (
  'host' => 'o2o.singwa.com',
  'connection' => 'keep-alive',
  'user-agent' => 'Mozilla/5.0 (Windows NT 10.0; WOW64) AppleWebKit/537.36 (KHTML, like Gecko) Chrome/77.0.3865.90 Safari/537.36',
  'accept' => 'image/webp,image/apng,image/*,*/*;q=0.8',
  'referer' => 'http://o2o.singwa.com/',
  'accept-encoding' => 'gzip, deflate',
  'accept-language' => 'zh-CN,zh;q=0.9,zh-TW;q=0.8,en;q=0.7',
)
[ info ] [ PARAM ] array (
)
[ info ] [ LOG ] INIT File

---------------------------------------------------------------
[ 2019-10-12T21:44:10+08:00 ] 127.0.0.1 127.0.0.1 GET /
[ log ] o2o.singwa.com/ [运行时间：0.016764s][吞吐率：59.65req/s] [内存消耗：215.65kb] [文件加载：32]
[ info ] [ LANG ] C:\Users\iswan\Desktop\o2o_tp5\imooc_o2o\thinkphp\lang\zh-cn.php
[ info ] [ ROUTE ] array (
  'type' => 'module',
  'module' => 
  array (
    0 => '',
    1 => NULL,
    2 => NULL,
  ),
)
[ info ] [ HEADER ] array (
  'host' => 'o2o.singwa.com',
  'connection' => 'keep-alive',
  'upgrade-insecure-requests' => '1',
  'user-agent' => 'Mozilla/5.0 (Windows NT 10.0; WOW64) AppleWebKit/537.36 (KHTML, like Gecko) Chrome/77.0.3865.90 Safari/537.36',
  'accept' => 'text/html,application/xhtml+xml,application/xml;q=0.9,image/webp,image/apng,*/*;q=0.8,application/signed-exchange;v=b3',
  'accept-encoding' => 'gzip, deflate',
  'accept-language' => 'zh-CN,zh;q=0.9,zh-TW;q=0.8,en;q=0.7',
)
[ info ] [ PARAM ] array (
)
[ info ] [ RUN ] app\index\controller\Index->index[ C:\Users\iswan\Desktop\o2o_tp5\imooc_o2o\application\index\controller\Index.php ]
[ info ] [ VIEW ] C:\Users\iswan\Desktop\o2o_tp5\imooc_o2o\public/../application/index\view\index\index.html [ array (
) ]
[ info ] [ LOG ] INIT File

---------------------------------------------------------------
[ 2019-10-12T21:44:10+08:00 ] 127.0.0.1 127.0.0.1 GET /image/a1ec08fa513d2697b85e74c35dfbb2fb4216d89b.jpg
[ log ] o2o.singwa.com/image/a1ec08fa513d2697b85e74c35dfbb2fb4216d89b.jpg [运行时间：0.007150s][吞吐率：139.86req/s] [内存消耗：124.64kb] [文件加载：27]
[ info ] [ LANG ] C:\Users\iswan\Desktop\o2o_tp5\imooc_o2o\thinkphp\lang\zh-cn.php
[ info ] [ ROUTE ] array (
  'type' => 'module',
  'module' => 
  array (
    0 => 'image',
    1 => 'a1ec08fa513d2697b85e74c35dfbb2fb4216d89b.jpg',
    2 => NULL,
  ),
)
[ info ] [ HEADER ] array (
  'host' => 'o2o.singwa.com',
  'connection' => 'keep-alive',
  'user-agent' => 'Mozilla/5.0 (Windows NT 10.0; WOW64) AppleWebKit/537.36 (KHTML, like Gecko) Chrome/77.0.3865.90 Safari/537.36',
  'accept' => 'image/webp,image/apng,image/*,*/*;q=0.8',
  'referer' => 'http://o2o.singwa.com/',
  'accept-encoding' => 'gzip, deflate',
  'accept-language' => 'zh-CN,zh;q=0.9,zh-TW;q=0.8,en;q=0.7',
)
[ info ] [ PARAM ] array (
)
[ info ] [ LOG ] INIT File

---------------------------------------------------------------
[ 2019-10-12T21:44:10+08:00 ] 127.0.0.1 127.0.0.1 GET /image/63d0f703918fa0ec7c51e2912e9759ee3c6ddb9c.jpg
[ log ] o2o.singwa.com/image/63d0f703918fa0ec7c51e2912e9759ee3c6ddb9c.jpg [运行时间：0.006938s][吞吐率：144.13req/s] [内存消耗：124.64kb] [文件加载：27]
[ info ] [ LANG ] C:\Users\iswan\Desktop\o2o_tp5\imooc_o2o\thinkphp\lang\zh-cn.php
[ info ] [ ROUTE ] array (
  'type' => 'module',
  'module' => 
  array (
    0 => 'image',
    1 => '63d0f703918fa0ec7c51e2912e9759ee3c6ddb9c.jpg',
    2 => NULL,
  ),
)
[ info ] [ HEADER ] array (
  'host' => 'o2o.singwa.com',
  'connection' => 'keep-alive',
  'user-agent' => 'Mozilla/5.0 (Windows NT 10.0; WOW64) AppleWebKit/537.36 (KHTML, like Gecko) Chrome/77.0.3865.90 Safari/537.36',
  'accept' => 'image/webp,image/apng,image/*,*/*;q=0.8',
  'referer' => 'http://o2o.singwa.com/',
  'accept-encoding' => 'gzip, deflate',
  'accept-language' => 'zh-CN,zh;q=0.9,zh-TW;q=0.8,en;q=0.7',
)
[ info ] [ PARAM ] array (
)
[ info ] [ LOG ] INIT File

---------------------------------------------------------------
[ 2019-10-12T21:44:10+08:00 ] 127.0.0.1 127.0.0.1 GET /image/72f082025aafa40f9205eb43a364034f79f01968.jpg
[ log ] o2o.singwa.com/image/72f082025aafa40f9205eb43a364034f79f01968.jpg [运行时间：0.013434s][吞吐率：74.44req/s] [内存消耗：124.64kb] [文件加载：27]
[ info ] [ LANG ] C:\Users\iswan\Desktop\o2o_tp5\imooc_o2o\thinkphp\lang\zh-cn.php
[ info ] [ ROUTE ] array (
  'type' => 'module',
  'module' => 
  array (
    0 => 'image',
    1 => '72f082025aafa40f9205eb43a364034f79f01968.jpg',
    2 => NULL,
  ),
)
[ info ] [ HEADER ] array (
  'host' => 'o2o.singwa.com',
  'connection' => 'keep-alive',
  'user-agent' => 'Mozilla/5.0 (Windows NT 10.0; WOW64) AppleWebKit/537.36 (KHTML, like Gecko) Chrome/77.0.3865.90 Safari/537.36',
  'accept' => 'image/webp,image/apng,image/*,*/*;q=0.8',
  'referer' => 'http://o2o.singwa.com/',
  'accept-encoding' => 'gzip, deflate',
  'accept-language' => 'zh-CN,zh;q=0.9,zh-TW;q=0.8,en;q=0.7',
)
[ info ] [ PARAM ] array (
)
[ info ] [ LOG ] INIT File

---------------------------------------------------------------
[ 2019-10-12T21:44:10+08:00 ] 127.0.0.1 127.0.0.1 GET /image/b219ebc4b74543a9c6c87b8e18178a82b80114a4.jpg
[ log ] o2o.singwa.com/image/b219ebc4b74543a9c6c87b8e18178a82b80114a4.jpg [运行时间：0.011707s][吞吐率：85.42req/s] [内存消耗：124.64kb] [文件加载：27]
[ info ] [ LANG ] C:\Users\iswan\Desktop\o2o_tp5\imooc_o2o\thinkphp\lang\zh-cn.php
[ info ] [ ROUTE ] array (
  'type' => 'module',
  'module' => 
  array (
    0 => 'image',
    1 => 'b219ebc4b74543a9c6c87b8e18178a82b80114a4.jpg',
    2 => NULL,
  ),
)
[ info ] [ HEADER ] array (
  'host' => 'o2o.singwa.com',
  'connection' => 'keep-alive',
  'user-agent' => 'Mozilla/5.0 (Windows NT 10.0; WOW64) AppleWebKit/537.36 (KHTML, like Gecko) Chrome/77.0.3865.90 Safari/537.36',
  'accept' => 'image/webp,image/apng,image/*,*/*;q=0.8',
  'referer' => 'http://o2o.singwa.com/',
  'accept-encoding' => 'gzip, deflate',
  'accept-language' => 'zh-CN,zh;q=0.9,zh-TW;q=0.8,en;q=0.7',
)
[ info ] [ PARAM ] array (
)
[ info ] [ LOG ] INIT File

---------------------------------------------------------------
[ 2019-10-12T21:44:18+08:00 ] 127.0.0.1 127.0.0.1 GET /index.php?s=admin
[ log ] o2o.singwa.com/index.php?s=admin [运行时间：0.017947s][吞吐率：55.72req/s] [内存消耗：180.24kb] [文件加载：37]
[ info ] [ LANG ] C:\Users\iswan\Desktop\o2o_tp5\imooc_o2o\thinkphp\lang\zh-cn.php
[ info ] [ ROUTE ] array (
  'type' => 'module',
  'module' => 
  array (
    0 => 'admin',
    1 => NULL,
    2 => NULL,
  ),
)
[ info ] [ HEADER ] array (
  'host' => 'o2o.singwa.com',
  'connection' => 'keep-alive',
  'upgrade-insecure-requests' => '1',
  'user-agent' => 'Mozilla/5.0 (Windows NT 10.0; WOW64) AppleWebKit/537.36 (KHTML, like Gecko) Chrome/77.0.3865.90 Safari/537.36',
  'accept' => 'text/html,application/xhtml+xml,application/xml;q=0.9,image/webp,image/apng,*/*;q=0.8,application/signed-exchange;v=b3',
  'accept-encoding' => 'gzip, deflate',
  'accept-language' => 'zh-CN,zh;q=0.9,zh-TW;q=0.8,en;q=0.7',
)
[ info ] [ PARAM ] array (
)
[ info ] [ RUN ] app\admin\controller\Index->index[ C:\Users\iswan\Desktop\o2o_tp5\imooc_o2o\application\admin\controller\Index.php ]
[ info ] [ VIEW ] C:\Users\iswan\Desktop\o2o_tp5\imooc_o2o\public/../application/admin\view\index\index.html [ array (
) ]
[ info ] [ LOG ] INIT File

---------------------------------------------------------------
[ 2019-10-12T21:44:18+08:00 ] 127.0.0.1 127.0.0.1 GET /index.php/admin/index/welcome.html
[ log ] o2o.singwa.com/index.php/admin/index/welcome.html [运行时间：0.008644s][吞吐率：115.69req/s] [内存消耗：154.77kb] [文件加载：33]
[ info ] [ LANG ] C:\Users\iswan\Desktop\o2o_tp5\imooc_o2o\thinkphp\lang\zh-cn.php
[ info ] [ ROUTE ] array (
  'type' => 'module',
  'module' => 
  array (
    0 => 'admin',
    1 => 'index',
    2 => 'welcome',
  ),
)
[ info ] [ HEADER ] array (
  'host' => 'o2o.singwa.com',
  'connection' => 'keep-alive',
  'upgrade-insecure-requests' => '1',
  'user-agent' => 'Mozilla/5.0 (Windows NT 10.0; WOW64) AppleWebKit/537.36 (KHTML, like Gecko) Chrome/77.0.3865.90 Safari/537.36',
  'accept' => 'text/html,application/xhtml+xml,application/xml;q=0.9,image/webp,image/apng,*/*;q=0.8,application/signed-exchange;v=b3',
  'referer' => 'http://o2o.singwa.com/index.php?s=admin',
  'accept-encoding' => 'gzip, deflate',
  'accept-language' => 'zh-CN,zh;q=0.9,zh-TW;q=0.8,en;q=0.7',
)
[ info ] [ PARAM ] array (
)
[ info ] [ RUN ] app\admin\controller\Index->welcome[ C:\Users\iswan\Desktop\o2o_tp5\imooc_o2o\application\admin\controller\Index.php ]
[ info ] [ LOG ] INIT File

---------------------------------------------------------------
[ 2019-10-12T21:44:22+08:00 ] 127.0.0.1 127.0.0.1 GET /index.php/admin/category/index.html
[ log ] o2o.singwa.com/index.php/admin/category/index.html [运行时间：0.013190s][吞吐率：75.81req/s] [内存消耗：172.02kb] [文件加载：37]
[ info ] [ LANG ] C:\Users\iswan\Desktop\o2o_tp5\imooc_o2o\thinkphp\lang\zh-cn.php
[ info ] [ ROUTE ] array (
  'type' => 'module',
  'module' => 
  array (
    0 => 'admin',
    1 => 'category',
    2 => 'index',
  ),
)
[ info ] [ HEADER ] array (
  'host' => 'o2o.singwa.com',
  'connection' => 'keep-alive',
  'upgrade-insecure-requests' => '1',
  'user-agent' => 'Mozilla/5.0 (Windows NT 10.0; WOW64) AppleWebKit/537.36 (KHTML, like Gecko) Chrome/77.0.3865.90 Safari/537.36',
  'accept' => 'text/html,application/xhtml+xml,application/xml;q=0.9,image/webp,image/apng,*/*;q=0.8,application/signed-exchange;v=b3',
  'referer' => 'http://o2o.singwa.com/index.php?s=admin',
  'accept-encoding' => 'gzip, deflate',
  'accept-language' => 'zh-CN,zh;q=0.9,zh-TW;q=0.8,en;q=0.7',
)
[ info ] [ PARAM ] array (
)
[ info ] [ RUN ] app\admin\controller\Category->index[ C:\Users\iswan\Desktop\o2o_tp5\imooc_o2o\application\admin\controller\Category.php ]
[ info ] [ VIEW ] C:\Users\iswan\Desktop\o2o_tp5\imooc_o2o\public/../application/admin\view\category\index.html [ array (
) ]
[ info ] [ LOG ] INIT File

---------------------------------------------------------------
[ 2019-10-12T21:44:31+08:00 ] 127.0.0.1 127.0.0.1 GET /index.php/admin/category/add.html
[ log ] o2o.singwa.com/index.php/admin/category/add.html [运行时间：0.018426s][吞吐率：54.27req/s] [内存消耗：166.73kb] [文件加载：37]
[ info ] [ LANG ] C:\Users\iswan\Desktop\o2o_tp5\imooc_o2o\thinkphp\lang\zh-cn.php
[ info ] [ ROUTE ] array (
  'type' => 'module',
  'module' => 
  array (
    0 => 'admin',
    1 => 'category',
    2 => 'add',
  ),
)
[ info ] [ HEADER ] array (
  'host' => 'o2o.singwa.com',
  'connection' => 'keep-alive',
  'upgrade-insecure-requests' => '1',
  'user-agent' => 'Mozilla/5.0 (Windows NT 10.0; WOW64) AppleWebKit/537.36 (KHTML, like Gecko) Chrome/77.0.3865.90 Safari/537.36',
  'accept' => 'text/html,application/xhtml+xml,application/xml;q=0.9,image/webp,image/apng,*/*;q=0.8,application/signed-exchange;v=b3',
  'referer' => 'http://o2o.singwa.com/index.php/admin/category/index.html',
  'accept-encoding' => 'gzip, deflate',
  'accept-language' => 'zh-CN,zh;q=0.9,zh-TW;q=0.8,en;q=0.7',
)
[ info ] [ PARAM ] array (
)
[ info ] [ RUN ] app\admin\controller\Category->add[ C:\Users\iswan\Desktop\o2o_tp5\imooc_o2o\application\admin\controller\Category.php ]
[ info ] [ VIEW ] C:\Users\iswan\Desktop\o2o_tp5\imooc_o2o\public/../application/admin\view\category\add.html [ array (
) ]
[ info ] [ LOG ] INIT File

---------------------------------------------------------------
[ 2019-10-12T21:44:33+08:00 ] 127.0.0.1 127.0.0.1 POST /index.php/admin/category/save.html
[ log ] o2o.singwa.com/index.php/admin/category/save.html [运行时间：0.010034s][吞吐率：99.66req/s] [内存消耗：227.59kb] [文件加载：35]
[ info ] [ LANG ] C:\Users\iswan\Desktop\o2o_tp5\imooc_o2o\thinkphp\lang\zh-cn.php
[ info ] [ ROUTE ] array (
  'type' => 'module',
  'module' => 
  array (
    0 => 'admin',
    1 => 'category',
    2 => 'save',
  ),
)
[ info ] [ HEADER ] array (
  'host' => 'o2o.singwa.com',
  'connection' => 'keep-alive',
  'content-length' => '21',
  'cache-control' => 'max-age=0',
  'origin' => 'http://o2o.singwa.com',
  'upgrade-insecure-requests' => '1',
  'content-type' => 'application/x-www-form-urlencoded',
  'user-agent' => 'Mozilla/5.0 (Windows NT 10.0; WOW64) AppleWebKit/537.36 (KHTML, like Gecko) Chrome/77.0.3865.90 Safari/537.36',
  'accept' => 'text/html,application/xhtml+xml,application/xml;q=0.9,image/webp,image/apng,*/*;q=0.8,application/signed-exchange;v=b3',
  'referer' => 'http://o2o.singwa.com/index.php/admin/category/add.html',
  'accept-encoding' => 'gzip, deflate',
  'accept-language' => 'zh-CN,zh;q=0.9,zh-TW;q=0.8,en;q=0.7',
)
[ info ] [ PARAM ] array (
  'name' => 'dssf',
  'parent_id' => '0',
)
[ info ] [ RUN ] app\admin\controller\Category->save[ C:\Users\iswan\Desktop\o2o_tp5\imooc_o2o\application\admin\controller\Category.php ]
[ info ] [ LOG ] INIT File

---------------------------------------------------------------
