[ 2019-10-14T18:48:09+08:00 ] 127.0.0.1 127.0.0.1 GET /
[ log ] o2o.singwa.com/ [运行时间：0.043860s][吞吐率：22.80req/s] [内存消耗：282.85kb] [文件加载：32]
[ info ] [ LANG ] C:\Users\iswan\Desktop\o2o_tp5\imooc_o2o\thinkphp\lang\zh-cn.php
[ info ] [ ROUTE ] array (
  'type' => 'module',
  'module' => 
  array (
    0 => '',
    1 => NULL,
    2 => NULL,
  ),
)
[ info ] [ HEADER ] array (
  'host' => 'o2o.singwa.com',
  'connection' => 'keep-alive',
  'upgrade-insecure-requests' => '1',
  'user-agent' => 'Mozilla/5.0 (Windows NT 10.0; WOW64) AppleWebKit/537.36 (KHTML, like Gecko) Chrome/77.0.3865.120 Safari/537.36',
  'accept' => 'text/html,application/xhtml+xml,application/xml;q=0.9,image/webp,image/apng,*/*;q=0.8,application/signed-exchange;v=b3',
  'accept-encoding' => 'gzip, deflate',
  'accept-language' => 'zh-CN,zh;q=0.9,zh-TW;q=0.8,en;q=0.7',
)
[ info ] [ PARAM ] array (
)
[ info ] [ RUN ] app\index\controller\Index->index[ C:\Users\iswan\Desktop\o2o_tp5\imooc_o2o\application\index\controller\Index.php ]
[ info ] [ VIEW ] C:\Users\iswan\Desktop\o2o_tp5\imooc_o2o\public/../application/index\view\index\index.html [ array (
) ]
[ info ] [ LOG ] INIT File

---------------------------------------------------------------
[ 2019-10-14T18:48:09+08:00 ] 127.0.0.1 127.0.0.1 GET /image/a1ec08fa513d2697b85e74c35dfbb2fb4216d89b.jpg
[ log ] o2o.singwa.com/image/a1ec08fa513d2697b85e74c35dfbb2fb4216d89b.jpg [运行时间：0.015657s][吞吐率：63.87req/s] [内存消耗：125.98kb] [文件加载：27]
[ info ] [ LANG ] C:\Users\iswan\Desktop\o2o_tp5\imooc_o2o\thinkphp\lang\zh-cn.php
[ info ] [ ROUTE ] array (
  'type' => 'module',
  'module' => 
  array (
    0 => 'image',
    1 => 'a1ec08fa513d2697b85e74c35dfbb2fb4216d89b.jpg',
    2 => NULL,
  ),
)
[ info ] [ HEADER ] array (
  'host' => 'o2o.singwa.com',
  'connection' => 'keep-alive',
  'user-agent' => 'Mozilla/5.0 (Windows NT 10.0; WOW64) AppleWebKit/537.36 (KHTML, like Gecko) Chrome/77.0.3865.120 Safari/537.36',
  'accept' => 'image/webp,image/apng,image/*,*/*;q=0.8',
  'referer' => 'http://o2o.singwa.com/',
  'accept-encoding' => 'gzip, deflate',
  'accept-language' => 'zh-CN,zh;q=0.9,zh-TW;q=0.8,en;q=0.7',
)
[ info ] [ PARAM ] array (
)
[ info ] [ LOG ] INIT File

---------------------------------------------------------------
[ 2019-10-14T18:48:09+08:00 ] 127.0.0.1 127.0.0.1 GET /image/63d0f703918fa0ec7c51e2912e9759ee3c6ddb9c.jpg
[ log ] o2o.singwa.com/image/63d0f703918fa0ec7c51e2912e9759ee3c6ddb9c.jpg [运行时间：0.008417s][吞吐率：118.81req/s] [内存消耗：124.64kb] [文件加载：27]
[ info ] [ LANG ] C:\Users\iswan\Desktop\o2o_tp5\imooc_o2o\thinkphp\lang\zh-cn.php
[ info ] [ ROUTE ] array (
  'type' => 'module',
  'module' => 
  array (
    0 => 'image',
    1 => '63d0f703918fa0ec7c51e2912e9759ee3c6ddb9c.jpg',
    2 => NULL,
  ),
)
[ info ] [ HEADER ] array (
  'host' => 'o2o.singwa.com',
  'connection' => 'keep-alive',
  'user-agent' => 'Mozilla/5.0 (Windows NT 10.0; WOW64) AppleWebKit/537.36 (KHTML, like Gecko) Chrome/77.0.3865.120 Safari/537.36',
  'accept' => 'image/webp,image/apng,image/*,*/*;q=0.8',
  'referer' => 'http://o2o.singwa.com/',
  'accept-encoding' => 'gzip, deflate',
  'accept-language' => 'zh-CN,zh;q=0.9,zh-TW;q=0.8,en;q=0.7',
)
[ info ] [ PARAM ] array (
)
[ info ] [ LOG ] INIT File

---------------------------------------------------------------
[ 2019-10-14T18:48:09+08:00 ] 127.0.0.1 127.0.0.1 GET /image/72f082025aafa40f9205eb43a364034f79f01968.jpg
[ log ] o2o.singwa.com/image/72f082025aafa40f9205eb43a364034f79f01968.jpg [运行时间：0.014958s][吞吐率：66.85req/s] [内存消耗：124.64kb] [文件加载：27]
[ info ] [ LANG ] C:\Users\iswan\Desktop\o2o_tp5\imooc_o2o\thinkphp\lang\zh-cn.php
[ info ] [ ROUTE ] array (
  'type' => 'module',
  'module' => 
  array (
    0 => 'image',
    1 => '72f082025aafa40f9205eb43a364034f79f01968.jpg',
    2 => NULL,
  ),
)
[ info ] [ HEADER ] array (
  'host' => 'o2o.singwa.com',
  'connection' => 'keep-alive',
  'user-agent' => 'Mozilla/5.0 (Windows NT 10.0; WOW64) AppleWebKit/537.36 (KHTML, like Gecko) Chrome/77.0.3865.120 Safari/537.36',
  'accept' => 'image/webp,image/apng,image/*,*/*;q=0.8',
  'referer' => 'http://o2o.singwa.com/',
  'accept-encoding' => 'gzip, deflate',
  'accept-language' => 'zh-CN,zh;q=0.9,zh-TW;q=0.8,en;q=0.7',
)
[ info ] [ PARAM ] array (
)
[ info ] [ LOG ] INIT File

---------------------------------------------------------------
[ 2019-10-14T18:48:09+08:00 ] 127.0.0.1 127.0.0.1 GET /image/b219ebc4b74543a9c6c87b8e18178a82b80114a4.jpg
[ log ] o2o.singwa.com/image/b219ebc4b74543a9c6c87b8e18178a82b80114a4.jpg [运行时间：0.018913s][吞吐率：52.87req/s] [内存消耗：124.64kb] [文件加载：27]
[ info ] [ LANG ] C:\Users\iswan\Desktop\o2o_tp5\imooc_o2o\thinkphp\lang\zh-cn.php
[ info ] [ ROUTE ] array (
  'type' => 'module',
  'module' => 
  array (
    0 => 'image',
    1 => 'b219ebc4b74543a9c6c87b8e18178a82b80114a4.jpg',
    2 => NULL,
  ),
)
[ info ] [ HEADER ] array (
  'host' => 'o2o.singwa.com',
  'connection' => 'keep-alive',
  'user-agent' => 'Mozilla/5.0 (Windows NT 10.0; WOW64) AppleWebKit/537.36 (KHTML, like Gecko) Chrome/77.0.3865.120 Safari/537.36',
  'accept' => 'image/webp,image/apng,image/*,*/*;q=0.8',
  'referer' => 'http://o2o.singwa.com/',
  'accept-encoding' => 'gzip, deflate',
  'accept-language' => 'zh-CN,zh;q=0.9,zh-TW;q=0.8,en;q=0.7',
)
[ info ] [ PARAM ] array (
)
[ info ] [ LOG ] INIT File

---------------------------------------------------------------
[ 2019-10-14T18:48:10+08:00 ] 127.0.0.1 127.0.0.1 GET /
[ log ] o2o.singwa.com/ [运行时间：0.009985s][吞吐率：100.15req/s] [内存消耗：215.29kb] [文件加载：32]
[ info ] [ LANG ] C:\Users\iswan\Desktop\o2o_tp5\imooc_o2o\thinkphp\lang\zh-cn.php
[ info ] [ ROUTE ] array (
  'type' => 'module',
  'module' => 
  array (
    0 => '',
    1 => NULL,
    2 => NULL,
  ),
)
[ info ] [ HEADER ] array (
  'host' => 'o2o.singwa.com',
  'connection' => 'keep-alive',
  'upgrade-insecure-requests' => '1',
  'user-agent' => 'Mozilla/5.0 (Windows NT 10.0; WOW64) AppleWebKit/537.36 (KHTML, like Gecko) Chrome/77.0.3865.120 Safari/537.36',
  'accept' => 'text/html,application/xhtml+xml,application/xml;q=0.9,image/webp,image/apng,*/*;q=0.8,application/signed-exchange;v=b3',
  'referer' => 'http://o2o.singwa.com/',
  'accept-encoding' => 'gzip, deflate',
  'accept-language' => 'zh-CN,zh;q=0.9,zh-TW;q=0.8,en;q=0.7',
)
[ info ] [ PARAM ] array (
)
[ info ] [ RUN ] app\index\controller\Index->index[ C:\Users\iswan\Desktop\o2o_tp5\imooc_o2o\application\index\controller\Index.php ]
[ info ] [ VIEW ] C:\Users\iswan\Desktop\o2o_tp5\imooc_o2o\public/../application/index\view\index\index.html [ array (
) ]
[ info ] [ LOG ] INIT File

---------------------------------------------------------------
[ 2019-10-14T18:48:10+08:00 ] 127.0.0.1 127.0.0.1 GET /image/63d0f703918fa0ec7c51e2912e9759ee3c6ddb9c.jpg
[ log ] o2o.singwa.com/image/63d0f703918fa0ec7c51e2912e9759ee3c6ddb9c.jpg [运行时间：0.007606s][吞吐率：131.47req/s] [内存消耗：124.64kb] [文件加载：27]
[ info ] [ LANG ] C:\Users\iswan\Desktop\o2o_tp5\imooc_o2o\thinkphp\lang\zh-cn.php
[ info ] [ ROUTE ] array (
  'type' => 'module',
  'module' => 
  array (
    0 => 'image',
    1 => '63d0f703918fa0ec7c51e2912e9759ee3c6ddb9c.jpg',
    2 => NULL,
  ),
)
[ info ] [ HEADER ] array (
  'host' => 'o2o.singwa.com',
  'connection' => 'keep-alive',
  'user-agent' => 'Mozilla/5.0 (Windows NT 10.0; WOW64) AppleWebKit/537.36 (KHTML, like Gecko) Chrome/77.0.3865.120 Safari/537.36',
  'accept' => 'image/webp,image/apng,image/*,*/*;q=0.8',
  'referer' => 'http://o2o.singwa.com/',
  'accept-encoding' => 'gzip, deflate',
  'accept-language' => 'zh-CN,zh;q=0.9,zh-TW;q=0.8,en;q=0.7',
)
[ info ] [ PARAM ] array (
)
[ info ] [ LOG ] INIT File

---------------------------------------------------------------
[ 2019-10-14T18:48:10+08:00 ] 127.0.0.1 127.0.0.1 GET /image/a1ec08fa513d2697b85e74c35dfbb2fb4216d89b.jpg
[ log ] o2o.singwa.com/image/a1ec08fa513d2697b85e74c35dfbb2fb4216d89b.jpg [运行时间：0.007785s][吞吐率：128.45req/s] [内存消耗：124.64kb] [文件加载：27]
[ info ] [ LANG ] C:\Users\iswan\Desktop\o2o_tp5\imooc_o2o\thinkphp\lang\zh-cn.php
[ info ] [ ROUTE ] array (
  'type' => 'module',
  'module' => 
  array (
    0 => 'image',
    1 => 'a1ec08fa513d2697b85e74c35dfbb2fb4216d89b.jpg',
    2 => NULL,
  ),
)
[ info ] [ HEADER ] array (
  'host' => 'o2o.singwa.com',
  'connection' => 'keep-alive',
  'user-agent' => 'Mozilla/5.0 (Windows NT 10.0; WOW64) AppleWebKit/537.36 (KHTML, like Gecko) Chrome/77.0.3865.120 Safari/537.36',
  'accept' => 'image/webp,image/apng,image/*,*/*;q=0.8',
  'referer' => 'http://o2o.singwa.com/',
  'accept-encoding' => 'gzip, deflate',
  'accept-language' => 'zh-CN,zh;q=0.9,zh-TW;q=0.8,en;q=0.7',
)
[ info ] [ PARAM ] array (
)
[ info ] [ LOG ] INIT File

---------------------------------------------------------------
[ 2019-10-14T18:48:10+08:00 ] 127.0.0.1 127.0.0.1 GET /image/72f082025aafa40f9205eb43a364034f79f01968.jpg
[ log ] o2o.singwa.com/image/72f082025aafa40f9205eb43a364034f79f01968.jpg [运行时间：0.007329s][吞吐率：136.44req/s] [内存消耗：124.64kb] [文件加载：27]
[ info ] [ LANG ] C:\Users\iswan\Desktop\o2o_tp5\imooc_o2o\thinkphp\lang\zh-cn.php
[ info ] [ ROUTE ] array (
  'type' => 'module',
  'module' => 
  array (
    0 => 'image',
    1 => '72f082025aafa40f9205eb43a364034f79f01968.jpg',
    2 => NULL,
  ),
)
[ info ] [ HEADER ] array (
  'host' => 'o2o.singwa.com',
  'connection' => 'keep-alive',
  'user-agent' => 'Mozilla/5.0 (Windows NT 10.0; WOW64) AppleWebKit/537.36 (KHTML, like Gecko) Chrome/77.0.3865.120 Safari/537.36',
  'accept' => 'image/webp,image/apng,image/*,*/*;q=0.8',
  'referer' => 'http://o2o.singwa.com/',
  'accept-encoding' => 'gzip, deflate',
  'accept-language' => 'zh-CN,zh;q=0.9,zh-TW;q=0.8,en;q=0.7',
)
[ info ] [ PARAM ] array (
)
[ info ] [ LOG ] INIT File

---------------------------------------------------------------
[ 2019-10-14T18:48:10+08:00 ] 127.0.0.1 127.0.0.1 GET /image/b219ebc4b74543a9c6c87b8e18178a82b80114a4.jpg
[ log ] o2o.singwa.com/image/b219ebc4b74543a9c6c87b8e18178a82b80114a4.jpg [运行时间：0.007879s][吞吐率：126.92req/s] [内存消耗：124.64kb] [文件加载：27]
[ info ] [ LANG ] C:\Users\iswan\Desktop\o2o_tp5\imooc_o2o\thinkphp\lang\zh-cn.php
[ info ] [ ROUTE ] array (
  'type' => 'module',
  'module' => 
  array (
    0 => 'image',
    1 => 'b219ebc4b74543a9c6c87b8e18178a82b80114a4.jpg',
    2 => NULL,
  ),
)
[ info ] [ HEADER ] array (
  'host' => 'o2o.singwa.com',
  'connection' => 'keep-alive',
  'user-agent' => 'Mozilla/5.0 (Windows NT 10.0; WOW64) AppleWebKit/537.36 (KHTML, like Gecko) Chrome/77.0.3865.120 Safari/537.36',
  'accept' => 'image/webp,image/apng,image/*,*/*;q=0.8',
  'referer' => 'http://o2o.singwa.com/',
  'accept-encoding' => 'gzip, deflate',
  'accept-language' => 'zh-CN,zh;q=0.9,zh-TW;q=0.8,en;q=0.7',
)
[ info ] [ PARAM ] array (
)
[ info ] [ LOG ] INIT File

---------------------------------------------------------------
