[ 2019-09-21T14:05:21+08:00 ] 127.0.0.1 127.0.0.1 GET /
[ log ] o2o.singwa.com/ [运行时间：0.034314s][吞吐率：29.14req/s] [内存消耗：1,658.79kb] [文件加载：32]
[ info ] [ LANG ] /Users/iswangweiyan/Desktop/o2o_tp5/imooc_o2o/thinkphp/lang/zh-cn.php
[ info ] [ ROUTE ] array (
  'type' => 'module',
  'module' => 
  array (
    0 => '',
    1 => NULL,
    2 => NULL,
  ),
)
[ info ] [ HEADER ] array (
  'host' => 'o2o.singwa.com',
  'connection' => 'keep-alive',
  'cache-control' => 'max-age=0',
  'upgrade-insecure-requests' => '1',
  'user-agent' => 'Mozilla/5.0 (Macintosh; Intel Mac OS X 10_14_6) AppleWebKit/537.36 (KHTML, like Gecko) Chrome/76.0.3809.132 Safari/537.36',
  'accept' => 'text/html,application/xhtml+xml,application/xml;q=0.9,image/webp,image/apng,*/*;q=0.8,application/signed-exchange;v=b3',
  'accept-encoding' => 'gzip, deflate',
  'accept-language' => 'zh-CN,zh;q=0.9,zh-TW;q=0.8,en;q=0.7',
  'cookie' => 'pgv_pvi=6184431616',
)
[ info ] [ PARAM ] array (
)
[ info ] [ RUN ] app\index\controller\Index->index[ /Users/iswangweiyan/Desktop/o2o_tp5/imooc_o2o/application/index/controller/Index.php ]
[ info ] [ VIEW ] /Users/iswangweiyan/Desktop/o2o_tp5/imooc_o2o/public/../application/index/view/index/index.html [ array (
) ]
[ info ] [ LOG ] INIT File

---------------------------------------------------------------
[ 2019-09-21T14:05:21+08:00 ] 127.0.0.1 127.0.0.1 GET /image/a1ec08fa513d2697b85e74c35dfbb2fb4216d89b.jpg
[ log ] o2o.singwa.com/image/a1ec08fa513d2697b85e74c35dfbb2fb4216d89b.jpg [运行时间：0.065816s][吞吐率：15.19req/s] [内存消耗：1,291.61kb] [文件加载：27]
[ info ] [ LANG ] /Users/iswangweiyan/Desktop/o2o_tp5/imooc_o2o/thinkphp/lang/zh-cn.php
[ info ] [ ROUTE ] array (
  'type' => 'module',
  'module' => 
  array (
    0 => 'image',
    1 => 'a1ec08fa513d2697b85e74c35dfbb2fb4216d89b.jpg',
    2 => NULL,
  ),
)
[ info ] [ HEADER ] array (
  'host' => 'o2o.singwa.com',
  'connection' => 'keep-alive',
  'user-agent' => 'Mozilla/5.0 (Macintosh; Intel Mac OS X 10_14_6) AppleWebKit/537.36 (KHTML, like Gecko) Chrome/76.0.3809.132 Safari/537.36',
  'accept' => 'image/webp,image/apng,image/*,*/*;q=0.8',
  'referer' => 'http://o2o.singwa.com/',
  'accept-encoding' => 'gzip, deflate',
  'accept-language' => 'zh-CN,zh;q=0.9,zh-TW;q=0.8,en;q=0.7',
  'cookie' => 'pgv_pvi=6184431616',
)
[ info ] [ PARAM ] array (
)
[ info ] [ LOG ] INIT File

---------------------------------------------------------------
[ 2019-09-21T14:05:21+08:00 ] 127.0.0.1 127.0.0.1 GET /image/63d0f703918fa0ec7c51e2912e9759ee3c6ddb9c.jpg
[ log ] o2o.singwa.com/image/63d0f703918fa0ec7c51e2912e9759ee3c6ddb9c.jpg [运行时间：0.020406s][吞吐率：49.01req/s] [内存消耗：1,291.61kb] [文件加载：27]
[ info ] [ LANG ] /Users/iswangweiyan/Desktop/o2o_tp5/imooc_o2o/thinkphp/lang/zh-cn.php
[ info ] [ ROUTE ] array (
  'type' => 'module',
  'module' => 
  array (
    0 => 'image',
    1 => '63d0f703918fa0ec7c51e2912e9759ee3c6ddb9c.jpg',
    2 => NULL,
  ),
)
[ info ] [ HEADER ] array (
  'host' => 'o2o.singwa.com',
  'connection' => 'keep-alive',
  'user-agent' => 'Mozilla/5.0 (Macintosh; Intel Mac OS X 10_14_6) AppleWebKit/537.36 (KHTML, like Gecko) Chrome/76.0.3809.132 Safari/537.36',
  'accept' => 'image/webp,image/apng,image/*,*/*;q=0.8',
  'referer' => 'http://o2o.singwa.com/',
  'accept-encoding' => 'gzip, deflate',
  'accept-language' => 'zh-CN,zh;q=0.9,zh-TW;q=0.8,en;q=0.7',
  'cookie' => 'pgv_pvi=6184431616',
)
[ info ] [ PARAM ] array (
)
[ info ] [ LOG ] INIT File

---------------------------------------------------------------
[ 2019-09-21T14:05:21+08:00 ] 127.0.0.1 127.0.0.1 GET /image/72f082025aafa40f9205eb43a364034f79f01968.jpg
[ log ] o2o.singwa.com/image/72f082025aafa40f9205eb43a364034f79f01968.jpg [运行时间：0.020774s][吞吐率：48.14req/s] [内存消耗：1,291.61kb] [文件加载：27]
[ info ] [ LANG ] /Users/iswangweiyan/Desktop/o2o_tp5/imooc_o2o/thinkphp/lang/zh-cn.php
[ info ] [ ROUTE ] array (
  'type' => 'module',
  'module' => 
  array (
    0 => 'image',
    1 => '72f082025aafa40f9205eb43a364034f79f01968.jpg',
    2 => NULL,
  ),
)
[ info ] [ HEADER ] array (
  'host' => 'o2o.singwa.com',
  'connection' => 'keep-alive',
  'user-agent' => 'Mozilla/5.0 (Macintosh; Intel Mac OS X 10_14_6) AppleWebKit/537.36 (KHTML, like Gecko) Chrome/76.0.3809.132 Safari/537.36',
  'accept' => 'image/webp,image/apng,image/*,*/*;q=0.8',
  'referer' => 'http://o2o.singwa.com/',
  'accept-encoding' => 'gzip, deflate',
  'accept-language' => 'zh-CN,zh;q=0.9,zh-TW;q=0.8,en;q=0.7',
  'cookie' => 'pgv_pvi=6184431616',
)
[ info ] [ PARAM ] array (
)
[ info ] [ LOG ] INIT File

---------------------------------------------------------------
[ 2019-09-21T14:05:21+08:00 ] 127.0.0.1 127.0.0.1 GET /image/b219ebc4b74543a9c6c87b8e18178a82b80114a4.jpg
[ log ] o2o.singwa.com/image/b219ebc4b74543a9c6c87b8e18178a82b80114a4.jpg [运行时间：0.020095s][吞吐率：49.76req/s] [内存消耗：1,291.61kb] [文件加载：27]
[ info ] [ LANG ] /Users/iswangweiyan/Desktop/o2o_tp5/imooc_o2o/thinkphp/lang/zh-cn.php
[ info ] [ ROUTE ] array (
  'type' => 'module',
  'module' => 
  array (
    0 => 'image',
    1 => 'b219ebc4b74543a9c6c87b8e18178a82b80114a4.jpg',
    2 => NULL,
  ),
)
[ info ] [ HEADER ] array (
  'host' => 'o2o.singwa.com',
  'connection' => 'keep-alive',
  'user-agent' => 'Mozilla/5.0 (Macintosh; Intel Mac OS X 10_14_6) AppleWebKit/537.36 (KHTML, like Gecko) Chrome/76.0.3809.132 Safari/537.36',
  'accept' => 'image/webp,image/apng,image/*,*/*;q=0.8',
  'referer' => 'http://o2o.singwa.com/',
  'accept-encoding' => 'gzip, deflate',
  'accept-language' => 'zh-CN,zh;q=0.9,zh-TW;q=0.8,en;q=0.7',
  'cookie' => 'pgv_pvi=6184431616',
)
[ info ] [ PARAM ] array (
)
[ info ] [ LOG ] INIT File

---------------------------------------------------------------
[ 2019-09-21T14:05:47+08:00 ] 127.0.0.1 127.0.0.1 GET /index.php?s=admin
[ log ] o2o.singwa.com/index.php?s=admin [运行时间：0.031055s][吞吐率：32.20req/s] [内存消耗：1,685.35kb] [文件加载：35]
[ info ] [ LANG ] /Users/iswangweiyan/Desktop/o2o_tp5/imooc_o2o/thinkphp/lang/zh-cn.php
[ info ] [ ROUTE ] array (
  'type' => 'module',
  'module' => 
  array (
    0 => 'admin',
    1 => NULL,
    2 => NULL,
  ),
)
[ info ] [ HEADER ] array (
  'host' => 'o2o.singwa.com',
  'connection' => 'keep-alive',
  'upgrade-insecure-requests' => '1',
  'user-agent' => 'Mozilla/5.0 (Macintosh; Intel Mac OS X 10_14_6) AppleWebKit/537.36 (KHTML, like Gecko) Chrome/76.0.3809.132 Safari/537.36',
  'accept' => 'text/html,application/xhtml+xml,application/xml;q=0.9,image/webp,image/apng,*/*;q=0.8,application/signed-exchange;v=b3',
  'accept-encoding' => 'gzip, deflate',
  'accept-language' => 'zh-CN,zh;q=0.9,zh-TW;q=0.8,en;q=0.7',
  'cookie' => 'pgv_pvi=6184431616',
)
[ info ] [ PARAM ] array (
)
[ info ] [ RUN ] app\admin\controller\Index->index[ /Users/iswangweiyan/Desktop/o2o_tp5/imooc_o2o/application/admin/controller/Index.php ]
[ info ] [ VIEW ] /Users/iswangweiyan/Desktop/o2o_tp5/imooc_o2o/public/../application/admin/view/index/index.html [ array (
) ]
[ info ] [ LOG ] INIT File

---------------------------------------------------------------
[ 2019-09-21T14:05:47+08:00 ] 127.0.0.1 127.0.0.1 GET /index.php/admin/index/welcome.html
[ log ] o2o.singwa.com/index.php/admin/index/welcome.html [运行时间：0.019611s][吞吐率：50.99req/s] [内存消耗：1,601.39kb] [文件加载：33]
[ info ] [ LANG ] /Users/iswangweiyan/Desktop/o2o_tp5/imooc_o2o/thinkphp/lang/zh-cn.php
[ info ] [ ROUTE ] array (
  'type' => 'module',
  'module' => 
  array (
    0 => 'admin',
    1 => 'index',
    2 => 'welcome',
  ),
)
[ info ] [ HEADER ] array (
  'host' => 'o2o.singwa.com',
  'connection' => 'keep-alive',
  'upgrade-insecure-requests' => '1',
  'user-agent' => 'Mozilla/5.0 (Macintosh; Intel Mac OS X 10_14_6) AppleWebKit/537.36 (KHTML, like Gecko) Chrome/76.0.3809.132 Safari/537.36',
  'accept' => 'text/html,application/xhtml+xml,application/xml;q=0.9,image/webp,image/apng,*/*;q=0.8,application/signed-exchange;v=b3',
  'referer' => 'http://o2o.singwa.com/index.php?s=admin',
  'accept-encoding' => 'gzip, deflate',
  'accept-language' => 'zh-CN,zh;q=0.9,zh-TW;q=0.8,en;q=0.7',
  'cookie' => 'pgv_pvi=6184431616',
)
[ info ] [ PARAM ] array (
)
[ info ] [ RUN ] app\admin\controller\Index->welcome[ /Users/iswangweiyan/Desktop/o2o_tp5/imooc_o2o/application/admin/controller/Index.php ]
[ info ] [ LOG ] INIT File

---------------------------------------------------------------
[ 2019-09-21T14:06:03+08:00 ] 127.0.0.1 127.0.0.1 GET /index.php?s=index/user/login
[ log ] o2o.singwa.com/index.php?s=index/user/login [运行时间：0.026206s][吞吐率：38.16req/s] [内存消耗：1,791.27kb] [文件加载：34]
[ info ] [ LANG ] /Users/iswangweiyan/Desktop/o2o_tp5/imooc_o2o/thinkphp/lang/zh-cn.php
[ info ] [ ROUTE ] array (
  'type' => 'module',
  'module' => 
  array (
    0 => 'index',
    1 => 'user',
    2 => 'login',
  ),
)
[ info ] [ HEADER ] array (
  'host' => 'o2o.singwa.com',
  'connection' => 'keep-alive',
  'upgrade-insecure-requests' => '1',
  'user-agent' => 'Mozilla/5.0 (Macintosh; Intel Mac OS X 10_14_6) AppleWebKit/537.36 (KHTML, like Gecko) Chrome/76.0.3809.132 Safari/537.36',
  'accept' => 'text/html,application/xhtml+xml,application/xml;q=0.9,image/webp,image/apng,*/*;q=0.8,application/signed-exchange;v=b3',
  'accept-encoding' => 'gzip, deflate',
  'accept-language' => 'zh-CN,zh;q=0.9,zh-TW;q=0.8,en;q=0.7',
  'cookie' => 'pgv_pvi=6184431616',
)
[ info ] [ PARAM ] array (
)
[ info ] [ RUN ] app\index\controller\User->login[ /Users/iswangweiyan/Desktop/o2o_tp5/imooc_o2o/application/index/controller/User.php ]
[ info ] [ VIEW ] /Users/iswangweiyan/Desktop/o2o_tp5/imooc_o2o/public/../application/index/view/user/login.html [ array (
) ]
[ info ] [ LOG ] INIT File

---------------------------------------------------------------
[ 2019-09-21T14:10:14+08:00 ] 127.0.0.1 127.0.0.1 GET /index.php?userName=ss&password=ss
[ log ] o2o.singwa.com/index.php?userName=ss&password=ss [运行时间：0.015098s][吞吐率：66.23req/s] [内存消耗：1,659.56kb] [文件加载：32]
[ info ] [ LANG ] /Users/iswangweiyan/Desktop/o2o_tp5/imooc_o2o/thinkphp/lang/zh-cn.php
[ info ] [ ROUTE ] array (
  'type' => 'module',
  'module' => 
  array (
    0 => '',
    1 => NULL,
    2 => NULL,
  ),
)
[ info ] [ HEADER ] array (
  'host' => 'o2o.singwa.com',
  'connection' => 'keep-alive',
  'upgrade-insecure-requests' => '1',
  'user-agent' => 'Mozilla/5.0 (Macintosh; Intel Mac OS X 10_14_6) AppleWebKit/537.36 (KHTML, like Gecko) Chrome/76.0.3809.132 Safari/537.36',
  'accept' => 'text/html,application/xhtml+xml,application/xml;q=0.9,image/webp,image/apng,*/*;q=0.8,application/signed-exchange;v=b3',
  'referer' => 'http://o2o.singwa.com/index.php?s=index/user/login',
  'accept-encoding' => 'gzip, deflate',
  'accept-language' => 'zh-CN,zh;q=0.9,zh-TW;q=0.8,en;q=0.7',
  'cookie' => 'pgv_pvi=6184431616',
)
[ info ] [ PARAM ] array (
  'userName' => 'ss',
  'password' => 'ss',
)
[ info ] [ RUN ] app\index\controller\Index->index[ /Users/iswangweiyan/Desktop/o2o_tp5/imooc_o2o/application/index/controller/Index.php ]
[ info ] [ VIEW ] /Users/iswangweiyan/Desktop/o2o_tp5/imooc_o2o/public/../application/index/view/index/index.html [ array (
) ]
[ info ] [ LOG ] INIT File

---------------------------------------------------------------
[ 2019-09-21T14:10:14+08:00 ] 127.0.0.1 127.0.0.1 GET /image/a1ec08fa513d2697b85e74c35dfbb2fb4216d89b.jpg
[ log ] o2o.singwa.com/image/a1ec08fa513d2697b85e74c35dfbb2fb4216d89b.jpg [运行时间：0.015788s][吞吐率：63.34req/s] [内存消耗：1,291.57kb] [文件加载：27]
[ info ] [ LANG ] /Users/iswangweiyan/Desktop/o2o_tp5/imooc_o2o/thinkphp/lang/zh-cn.php
[ info ] [ ROUTE ] array (
  'type' => 'module',
  'module' => 
  array (
    0 => 'image',
    1 => 'a1ec08fa513d2697b85e74c35dfbb2fb4216d89b.jpg',
    2 => NULL,
  ),
)
[ info ] [ HEADER ] array (
  'host' => 'o2o.singwa.com',
  'connection' => 'keep-alive',
  'user-agent' => 'Mozilla/5.0 (Macintosh; Intel Mac OS X 10_14_6) AppleWebKit/537.36 (KHTML, like Gecko) Chrome/76.0.3809.132 Safari/537.36',
  'accept' => 'image/webp,image/apng,image/*,*/*;q=0.8',
  'referer' => 'http://o2o.singwa.com/index.php?userName=ss&password=ss',
  'accept-encoding' => 'gzip, deflate',
  'accept-language' => 'zh-CN,zh;q=0.9,zh-TW;q=0.8,en;q=0.7',
  'cookie' => 'pgv_pvi=6184431616',
)
[ info ] [ PARAM ] array (
)
[ info ] [ LOG ] INIT File

---------------------------------------------------------------
[ 2019-09-21T14:10:14+08:00 ] 127.0.0.1 127.0.0.1 GET /image/63d0f703918fa0ec7c51e2912e9759ee3c6ddb9c.jpg
[ log ] o2o.singwa.com/image/63d0f703918fa0ec7c51e2912e9759ee3c6ddb9c.jpg [运行时间：0.018439s][吞吐率：54.23req/s] [内存消耗：1,291.72kb] [文件加载：27]
[ info ] [ LANG ] /Users/iswangweiyan/Desktop/o2o_tp5/imooc_o2o/thinkphp/lang/zh-cn.php
[ info ] [ ROUTE ] array (
  'type' => 'module',
  'module' => 
  array (
    0 => 'image',
    1 => '63d0f703918fa0ec7c51e2912e9759ee3c6ddb9c.jpg',
    2 => NULL,
  ),
)
[ info ] [ HEADER ] array (
  'host' => 'o2o.singwa.com',
  'connection' => 'keep-alive',
  'user-agent' => 'Mozilla/5.0 (Macintosh; Intel Mac OS X 10_14_6) AppleWebKit/537.36 (KHTML, like Gecko) Chrome/76.0.3809.132 Safari/537.36',
  'accept' => 'image/webp,image/apng,image/*,*/*;q=0.8',
  'referer' => 'http://o2o.singwa.com/index.php?userName=ss&password=ss',
  'accept-encoding' => 'gzip, deflate',
  'accept-language' => 'zh-CN,zh;q=0.9,zh-TW;q=0.8,en;q=0.7',
  'cookie' => 'pgv_pvi=6184431616',
)
[ info ] [ PARAM ] array (
)
[ info ] [ LOG ] INIT File

---------------------------------------------------------------
[ 2019-09-21T14:10:14+08:00 ] 127.0.0.1 127.0.0.1 GET /image/b219ebc4b74543a9c6c87b8e18178a82b80114a4.jpg
[ log ] o2o.singwa.com/image/b219ebc4b74543a9c6c87b8e18178a82b80114a4.jpg [运行时间：0.017068s][吞吐率：58.59req/s] [内存消耗：1,291.57kb] [文件加载：27]
[ info ] [ LANG ] /Users/iswangweiyan/Desktop/o2o_tp5/imooc_o2o/thinkphp/lang/zh-cn.php
[ info ] [ ROUTE ] array (
  'type' => 'module',
  'module' => 
  array (
    0 => 'image',
    1 => 'b219ebc4b74543a9c6c87b8e18178a82b80114a4.jpg',
    2 => NULL,
  ),
)
[ info ] [ HEADER ] array (
  'host' => 'o2o.singwa.com',
  'connection' => 'keep-alive',
  'user-agent' => 'Mozilla/5.0 (Macintosh; Intel Mac OS X 10_14_6) AppleWebKit/537.36 (KHTML, like Gecko) Chrome/76.0.3809.132 Safari/537.36',
  'accept' => 'image/webp,image/apng,image/*,*/*;q=0.8',
  'referer' => 'http://o2o.singwa.com/index.php?userName=ss&password=ss',
  'accept-encoding' => 'gzip, deflate',
  'accept-language' => 'zh-CN,zh;q=0.9,zh-TW;q=0.8,en;q=0.7',
  'cookie' => 'pgv_pvi=6184431616',
)
[ info ] [ PARAM ] array (
)
[ info ] [ LOG ] INIT File

---------------------------------------------------------------
[ 2019-09-21T14:10:14+08:00 ] 127.0.0.1 127.0.0.1 GET /image/72f082025aafa40f9205eb43a364034f79f01968.jpg
[ log ] o2o.singwa.com/image/72f082025aafa40f9205eb43a364034f79f01968.jpg [运行时间：0.017202s][吞吐率：58.13req/s] [内存消耗：1,291.57kb] [文件加载：27]
[ info ] [ LANG ] /Users/iswangweiyan/Desktop/o2o_tp5/imooc_o2o/thinkphp/lang/zh-cn.php
[ info ] [ ROUTE ] array (
  'type' => 'module',
  'module' => 
  array (
    0 => 'image',
    1 => '72f082025aafa40f9205eb43a364034f79f01968.jpg',
    2 => NULL,
  ),
)
[ info ] [ HEADER ] array (
  'host' => 'o2o.singwa.com',
  'connection' => 'keep-alive',
  'user-agent' => 'Mozilla/5.0 (Macintosh; Intel Mac OS X 10_14_6) AppleWebKit/537.36 (KHTML, like Gecko) Chrome/76.0.3809.132 Safari/537.36',
  'accept' => 'image/webp,image/apng,image/*,*/*;q=0.8',
  'referer' => 'http://o2o.singwa.com/index.php?userName=ss&password=ss',
  'accept-encoding' => 'gzip, deflate',
  'accept-language' => 'zh-CN,zh;q=0.9,zh-TW;q=0.8,en;q=0.7',
  'cookie' => 'pgv_pvi=6184431616',
)
[ info ] [ PARAM ] array (
)
[ info ] [ LOG ] INIT File

---------------------------------------------------------------
[ 2019-09-21T14:10:16+08:00 ] 127.0.0.1 127.0.0.1 GET /index.php?userName=ss&password=ss
[ log ] o2o.singwa.com/index.php?userName=ss&password=ss [运行时间：0.015334s][吞吐率：65.22req/s] [内存消耗：1,659.73kb] [文件加载：32]
[ info ] [ LANG ] /Users/iswangweiyan/Desktop/o2o_tp5/imooc_o2o/thinkphp/lang/zh-cn.php
[ info ] [ ROUTE ] array (
  'type' => 'module',
  'module' => 
  array (
    0 => '',
    1 => NULL,
    2 => NULL,
  ),
)
[ info ] [ HEADER ] array (
  'host' => 'o2o.singwa.com',
  'connection' => 'keep-alive',
  'upgrade-insecure-requests' => '1',
  'user-agent' => 'Mozilla/5.0 (Macintosh; Intel Mac OS X 10_14_6) AppleWebKit/537.36 (KHTML, like Gecko) Chrome/76.0.3809.132 Safari/537.36',
  'accept' => 'text/html,application/xhtml+xml,application/xml;q=0.9,image/webp,image/apng,*/*;q=0.8,application/signed-exchange;v=b3',
  'referer' => 'http://o2o.singwa.com/index.php?userName=ss&password=ss',
  'accept-encoding' => 'gzip, deflate',
  'accept-language' => 'zh-CN,zh;q=0.9,zh-TW;q=0.8,en;q=0.7',
  'cookie' => 'pgv_pvi=6184431616',
)
[ info ] [ PARAM ] array (
  'userName' => 'ss',
  'password' => 'ss',
)
[ info ] [ RUN ] app\index\controller\Index->index[ /Users/iswangweiyan/Desktop/o2o_tp5/imooc_o2o/application/index/controller/Index.php ]
[ info ] [ VIEW ] /Users/iswangweiyan/Desktop/o2o_tp5/imooc_o2o/public/../application/index/view/index/index.html [ array (
) ]
[ info ] [ LOG ] INIT File

---------------------------------------------------------------
[ 2019-09-21T14:10:16+08:00 ] 127.0.0.1 127.0.0.1 GET /image/a1ec08fa513d2697b85e74c35dfbb2fb4216d89b.jpg
[ log ] o2o.singwa.com/image/a1ec08fa513d2697b85e74c35dfbb2fb4216d89b.jpg [运行时间：0.018216s][吞吐率：54.90req/s] [内存消耗：1,291.57kb] [文件加载：27]
[ info ] [ LANG ] /Users/iswangweiyan/Desktop/o2o_tp5/imooc_o2o/thinkphp/lang/zh-cn.php
[ info ] [ ROUTE ] array (
  'type' => 'module',
  'module' => 
  array (
    0 => 'image',
    1 => 'a1ec08fa513d2697b85e74c35dfbb2fb4216d89b.jpg',
    2 => NULL,
  ),
)
[ info ] [ HEADER ] array (
  'host' => 'o2o.singwa.com',
  'connection' => 'keep-alive',
  'user-agent' => 'Mozilla/5.0 (Macintosh; Intel Mac OS X 10_14_6) AppleWebKit/537.36 (KHTML, like Gecko) Chrome/76.0.3809.132 Safari/537.36',
  'accept' => 'image/webp,image/apng,image/*,*/*;q=0.8',
  'referer' => 'http://o2o.singwa.com/index.php?userName=ss&password=ss',
  'accept-encoding' => 'gzip, deflate',
  'accept-language' => 'zh-CN,zh;q=0.9,zh-TW;q=0.8,en;q=0.7',
  'cookie' => 'pgv_pvi=6184431616',
)
[ info ] [ PARAM ] array (
)
[ info ] [ LOG ] INIT File

---------------------------------------------------------------
[ 2019-09-21T14:10:16+08:00 ] 127.0.0.1 127.0.0.1 GET /image/63d0f703918fa0ec7c51e2912e9759ee3c6ddb9c.jpg
[ log ] o2o.singwa.com/image/63d0f703918fa0ec7c51e2912e9759ee3c6ddb9c.jpg [运行时间：0.017975s][吞吐率：55.63req/s] [内存消耗：1,291.57kb] [文件加载：27]
[ info ] [ LANG ] /Users/iswangweiyan/Desktop/o2o_tp5/imooc_o2o/thinkphp/lang/zh-cn.php
[ info ] [ ROUTE ] array (
  'type' => 'module',
  'module' => 
  array (
    0 => 'image',
    1 => '63d0f703918fa0ec7c51e2912e9759ee3c6ddb9c.jpg',
    2 => NULL,
  ),
)
[ info ] [ HEADER ] array (
  'host' => 'o2o.singwa.com',
  'connection' => 'keep-alive',
  'user-agent' => 'Mozilla/5.0 (Macintosh; Intel Mac OS X 10_14_6) AppleWebKit/537.36 (KHTML, like Gecko) Chrome/76.0.3809.132 Safari/537.36',
  'accept' => 'image/webp,image/apng,image/*,*/*;q=0.8',
  'referer' => 'http://o2o.singwa.com/index.php?userName=ss&password=ss',
  'accept-encoding' => 'gzip, deflate',
  'accept-language' => 'zh-CN,zh;q=0.9,zh-TW;q=0.8,en;q=0.7',
  'cookie' => 'pgv_pvi=6184431616',
)
[ info ] [ PARAM ] array (
)
[ info ] [ LOG ] INIT File

---------------------------------------------------------------
[ 2019-09-21T14:10:16+08:00 ] 127.0.0.1 127.0.0.1 GET /image/b219ebc4b74543a9c6c87b8e18178a82b80114a4.jpg
[ log ] o2o.singwa.com/image/b219ebc4b74543a9c6c87b8e18178a82b80114a4.jpg [运行时间：0.013994s][吞吐率：71.46req/s] [内存消耗：1,291.62kb] [文件加载：27]
[ info ] [ LANG ] /Users/iswangweiyan/Desktop/o2o_tp5/imooc_o2o/thinkphp/lang/zh-cn.php
[ info ] [ ROUTE ] array (
  'type' => 'module',
  'module' => 
  array (
    0 => 'image',
    1 => 'b219ebc4b74543a9c6c87b8e18178a82b80114a4.jpg',
    2 => NULL,
  ),
)
[ info ] [ HEADER ] array (
  'host' => 'o2o.singwa.com',
  'connection' => 'keep-alive',
  'user-agent' => 'Mozilla/5.0 (Macintosh; Intel Mac OS X 10_14_6) AppleWebKit/537.36 (KHTML, like Gecko) Chrome/76.0.3809.132 Safari/537.36',
  'accept' => 'image/webp,image/apng,image/*,*/*;q=0.8',
  'referer' => 'http://o2o.singwa.com/index.php?userName=ss&password=ss',
  'accept-encoding' => 'gzip, deflate',
  'accept-language' => 'zh-CN,zh;q=0.9,zh-TW;q=0.8,en;q=0.7',
  'cookie' => 'pgv_pvi=6184431616',
)
[ info ] [ PARAM ] array (
)
[ info ] [ LOG ] INIT File

---------------------------------------------------------------
[ 2019-09-21T14:10:16+08:00 ] 127.0.0.1 127.0.0.1 GET /image/72f082025aafa40f9205eb43a364034f79f01968.jpg
[ log ] o2o.singwa.com/image/72f082025aafa40f9205eb43a364034f79f01968.jpg [运行时间：0.017126s][吞吐率：58.39req/s] [内存消耗：1,291.72kb] [文件加载：27]
[ info ] [ LANG ] /Users/iswangweiyan/Desktop/o2o_tp5/imooc_o2o/thinkphp/lang/zh-cn.php
[ info ] [ ROUTE ] array (
  'type' => 'module',
  'module' => 
  array (
    0 => 'image',
    1 => '72f082025aafa40f9205eb43a364034f79f01968.jpg',
    2 => NULL,
  ),
)
[ info ] [ HEADER ] array (
  'host' => 'o2o.singwa.com',
  'connection' => 'keep-alive',
  'user-agent' => 'Mozilla/5.0 (Macintosh; Intel Mac OS X 10_14_6) AppleWebKit/537.36 (KHTML, like Gecko) Chrome/76.0.3809.132 Safari/537.36',
  'accept' => 'image/webp,image/apng,image/*,*/*;q=0.8',
  'referer' => 'http://o2o.singwa.com/index.php?userName=ss&password=ss',
  'accept-encoding' => 'gzip, deflate',
  'accept-language' => 'zh-CN,zh;q=0.9,zh-TW;q=0.8,en;q=0.7',
  'cookie' => 'pgv_pvi=6184431616',
)
[ info ] [ PARAM ] array (
)
[ info ] [ LOG ] INIT File

---------------------------------------------------------------
[ 2019-09-21T14:10:17+08:00 ] 127.0.0.1 127.0.0.1 GET /index.php?userName=ss&password=ss
[ log ] o2o.singwa.com/index.php?userName=ss&password=ss [运行时间：0.015639s][吞吐率：63.94req/s] [内存消耗：1,659.73kb] [文件加载：32]
[ info ] [ LANG ] /Users/iswangweiyan/Desktop/o2o_tp5/imooc_o2o/thinkphp/lang/zh-cn.php
[ info ] [ ROUTE ] array (
  'type' => 'module',
  'module' => 
  array (
    0 => '',
    1 => NULL,
    2 => NULL,
  ),
)
[ info ] [ HEADER ] array (
  'host' => 'o2o.singwa.com',
  'connection' => 'keep-alive',
  'upgrade-insecure-requests' => '1',
  'user-agent' => 'Mozilla/5.0 (Macintosh; Intel Mac OS X 10_14_6) AppleWebKit/537.36 (KHTML, like Gecko) Chrome/76.0.3809.132 Safari/537.36',
  'accept' => 'text/html,application/xhtml+xml,application/xml;q=0.9,image/webp,image/apng,*/*;q=0.8,application/signed-exchange;v=b3',
  'referer' => 'http://o2o.singwa.com/index.php?userName=ss&password=ss',
  'accept-encoding' => 'gzip, deflate',
  'accept-language' => 'zh-CN,zh;q=0.9,zh-TW;q=0.8,en;q=0.7',
  'cookie' => 'pgv_pvi=6184431616',
)
[ info ] [ PARAM ] array (
  'userName' => 'ss',
  'password' => 'ss',
)
[ info ] [ RUN ] app\index\controller\Index->index[ /Users/iswangweiyan/Desktop/o2o_tp5/imooc_o2o/application/index/controller/Index.php ]
[ info ] [ VIEW ] /Users/iswangweiyan/Desktop/o2o_tp5/imooc_o2o/public/../application/index/view/index/index.html [ array (
) ]
[ info ] [ LOG ] INIT File

---------------------------------------------------------------
[ 2019-09-21T14:10:17+08:00 ] 127.0.0.1 127.0.0.1 GET /image/a1ec08fa513d2697b85e74c35dfbb2fb4216d89b.jpg
[ log ] o2o.singwa.com/image/a1ec08fa513d2697b85e74c35dfbb2fb4216d89b.jpg [运行时间：0.018629s][吞吐率：53.68req/s] [内存消耗：1,291.57kb] [文件加载：27]
[ info ] [ LANG ] /Users/iswangweiyan/Desktop/o2o_tp5/imooc_o2o/thinkphp/lang/zh-cn.php
[ info ] [ ROUTE ] array (
  'type' => 'module',
  'module' => 
  array (
    0 => 'image',
    1 => 'a1ec08fa513d2697b85e74c35dfbb2fb4216d89b.jpg',
    2 => NULL,
  ),
)
[ info ] [ HEADER ] array (
  'host' => 'o2o.singwa.com',
  'connection' => 'keep-alive',
  'user-agent' => 'Mozilla/5.0 (Macintosh; Intel Mac OS X 10_14_6) AppleWebKit/537.36 (KHTML, like Gecko) Chrome/76.0.3809.132 Safari/537.36',
  'accept' => 'image/webp,image/apng,image/*,*/*;q=0.8',
  'referer' => 'http://o2o.singwa.com/index.php?userName=ss&password=ss',
  'accept-encoding' => 'gzip, deflate',
  'accept-language' => 'zh-CN,zh;q=0.9,zh-TW;q=0.8,en;q=0.7',
  'cookie' => 'pgv_pvi=6184431616',
)
[ info ] [ PARAM ] array (
)
[ info ] [ LOG ] INIT File

---------------------------------------------------------------
[ 2019-09-21T14:10:17+08:00 ] 127.0.0.1 127.0.0.1 GET /image/63d0f703918fa0ec7c51e2912e9759ee3c6ddb9c.jpg
[ log ] o2o.singwa.com/image/63d0f703918fa0ec7c51e2912e9759ee3c6ddb9c.jpg [运行时间：0.017944s][吞吐率：55.73req/s] [内存消耗：1,291.57kb] [文件加载：27]
[ info ] [ LANG ] /Users/iswangweiyan/Desktop/o2o_tp5/imooc_o2o/thinkphp/lang/zh-cn.php
[ info ] [ ROUTE ] array (
  'type' => 'module',
  'module' => 
  array (
    0 => 'image',
    1 => '63d0f703918fa0ec7c51e2912e9759ee3c6ddb9c.jpg',
    2 => NULL,
  ),
)
[ info ] [ HEADER ] array (
  'host' => 'o2o.singwa.com',
  'connection' => 'keep-alive',
  'user-agent' => 'Mozilla/5.0 (Macintosh; Intel Mac OS X 10_14_6) AppleWebKit/537.36 (KHTML, like Gecko) Chrome/76.0.3809.132 Safari/537.36',
  'accept' => 'image/webp,image/apng,image/*,*/*;q=0.8',
  'referer' => 'http://o2o.singwa.com/index.php?userName=ss&password=ss',
  'accept-encoding' => 'gzip, deflate',
  'accept-language' => 'zh-CN,zh;q=0.9,zh-TW;q=0.8,en;q=0.7',
  'cookie' => 'pgv_pvi=6184431616',
)
[ info ] [ PARAM ] array (
)
[ info ] [ LOG ] INIT File

---------------------------------------------------------------
[ 2019-09-21T14:10:17+08:00 ] 127.0.0.1 127.0.0.1 GET /image/b219ebc4b74543a9c6c87b8e18178a82b80114a4.jpg
[ log ] o2o.singwa.com/image/b219ebc4b74543a9c6c87b8e18178a82b80114a4.jpg [运行时间：0.014945s][吞吐率：66.91req/s] [内存消耗：1,291.57kb] [文件加载：27]
[ info ] [ LANG ] /Users/iswangweiyan/Desktop/o2o_tp5/imooc_o2o/thinkphp/lang/zh-cn.php
[ info ] [ ROUTE ] array (
  'type' => 'module',
  'module' => 
  array (
    0 => 'image',
    1 => 'b219ebc4b74543a9c6c87b8e18178a82b80114a4.jpg',
    2 => NULL,
  ),
)
[ info ] [ HEADER ] array (
  'host' => 'o2o.singwa.com',
  'connection' => 'keep-alive',
  'user-agent' => 'Mozilla/5.0 (Macintosh; Intel Mac OS X 10_14_6) AppleWebKit/537.36 (KHTML, like Gecko) Chrome/76.0.3809.132 Safari/537.36',
  'accept' => 'image/webp,image/apng,image/*,*/*;q=0.8',
  'referer' => 'http://o2o.singwa.com/index.php?userName=ss&password=ss',
  'accept-encoding' => 'gzip, deflate',
  'accept-language' => 'zh-CN,zh;q=0.9,zh-TW;q=0.8,en;q=0.7',
  'cookie' => 'pgv_pvi=6184431616',
)
[ info ] [ PARAM ] array (
)
[ info ] [ LOG ] INIT File

---------------------------------------------------------------
[ 2019-09-21T14:10:17+08:00 ] 127.0.0.1 127.0.0.1 GET /image/72f082025aafa40f9205eb43a364034f79f01968.jpg
[ log ] o2o.singwa.com/image/72f082025aafa40f9205eb43a364034f79f01968.jpg [运行时间：0.015112s][吞吐率：66.17req/s] [内存消耗：1,291.57kb] [文件加载：27]
[ info ] [ LANG ] /Users/iswangweiyan/Desktop/o2o_tp5/imooc_o2o/thinkphp/lang/zh-cn.php
[ info ] [ ROUTE ] array (
  'type' => 'module',
  'module' => 
  array (
    0 => 'image',
    1 => '72f082025aafa40f9205eb43a364034f79f01968.jpg',
    2 => NULL,
  ),
)
[ info ] [ HEADER ] array (
  'host' => 'o2o.singwa.com',
  'connection' => 'keep-alive',
  'user-agent' => 'Mozilla/5.0 (Macintosh; Intel Mac OS X 10_14_6) AppleWebKit/537.36 (KHTML, like Gecko) Chrome/76.0.3809.132 Safari/537.36',
  'accept' => 'image/webp,image/apng,image/*,*/*;q=0.8',
  'referer' => 'http://o2o.singwa.com/index.php?userName=ss&password=ss',
  'accept-encoding' => 'gzip, deflate',
  'accept-language' => 'zh-CN,zh;q=0.9,zh-TW;q=0.8,en;q=0.7',
  'cookie' => 'pgv_pvi=6184431616',
)
[ info ] [ PARAM ] array (
)
[ info ] [ LOG ] INIT File

---------------------------------------------------------------
[ 2019-09-21T15:11:42+08:00 ] ::1 ::1 GET /apple-touch-icon-precomposed.png
[ log ] localhost/apple-touch-icon-precomposed.png [运行时间：0.052790s][吞吐率：18.94req/s] [内存消耗：1,290.59kb] [文件加载：27]
[ info ] [ LANG ] /Users/iswangweiyan/Desktop/o2o_tp5/imooc_o2o/thinkphp/lang/zh-cn.php
[ info ] [ ROUTE ] array (
  'type' => 'module',
  'module' => 
  array (
    0 => 'apple-touch-icon-precomposed.png',
    1 => NULL,
    2 => NULL,
  ),
)
[ info ] [ HEADER ] array (
  'host' => 'localhost',
  'accept' => '*/*',
  'accept-language' => 'zh-cn',
  'connection' => 'keep-alive',
  'accept-encoding' => 'gzip, deflate',
  'user-agent' => 'Safari%20%E6%B5%8F%E8%A7%88%E5%99%A8/14608.1.49 CFNetwork/978.0.7 Darwin/18.7.0 (x86_64)',
)
[ info ] [ PARAM ] array (
)
[ info ] [ LOG ] INIT File

---------------------------------------------------------------
[ 2019-09-21T15:11:42+08:00 ] ::1 ::1 GET /apple-touch-icon.png
[ log ] localhost/apple-touch-icon.png [运行时间：0.014249s][吞吐率：70.18req/s] [内存消耗：1,290.68kb] [文件加载：27]
[ info ] [ LANG ] /Users/iswangweiyan/Desktop/o2o_tp5/imooc_o2o/thinkphp/lang/zh-cn.php
[ info ] [ ROUTE ] array (
  'type' => 'module',
  'module' => 
  array (
    0 => 'apple-touch-icon.png',
    1 => NULL,
    2 => NULL,
  ),
)
[ info ] [ HEADER ] array (
  'host' => 'localhost',
  'accept' => '*/*',
  'accept-language' => 'zh-cn',
  'connection' => 'keep-alive',
  'accept-encoding' => 'gzip, deflate',
  'user-agent' => 'Safari%20%E6%B5%8F%E8%A7%88%E5%99%A8/14608.1.49 CFNetwork/978.0.7 Darwin/18.7.0 (x86_64)',
)
[ info ] [ PARAM ] array (
)
[ info ] [ LOG ] INIT File

---------------------------------------------------------------
[ 2019-09-21T15:11:42+08:00 ] ::1 ::1 GET /apple-touch-icon-precomposed.png
[ log ] localhost/apple-touch-icon-precomposed.png [运行时间：0.013887s][吞吐率：72.01req/s] [内存消耗：1,290.59kb] [文件加载：27]
[ info ] [ LANG ] /Users/iswangweiyan/Desktop/o2o_tp5/imooc_o2o/thinkphp/lang/zh-cn.php
[ info ] [ ROUTE ] array (
  'type' => 'module',
  'module' => 
  array (
    0 => 'apple-touch-icon-precomposed.png',
    1 => NULL,
    2 => NULL,
  ),
)
[ info ] [ HEADER ] array (
  'host' => 'localhost',
  'accept' => '*/*',
  'accept-language' => 'zh-cn',
  'connection' => 'keep-alive',
  'accept-encoding' => 'gzip, deflate',
  'user-agent' => 'Safari%20%E6%B5%8F%E8%A7%88%E5%99%A8/14608.1.49 CFNetwork/978.0.7 Darwin/18.7.0 (x86_64)',
)
[ info ] [ PARAM ] array (
)
[ info ] [ LOG ] INIT File

---------------------------------------------------------------
[ 2019-09-21T15:11:42+08:00 ] ::1 ::1 GET /apple-touch-icon.png
[ log ] localhost/apple-touch-icon.png [运行时间：0.013931s][吞吐率：71.78req/s] [内存消耗：1,290.55kb] [文件加载：27]
[ info ] [ LANG ] /Users/iswangweiyan/Desktop/o2o_tp5/imooc_o2o/thinkphp/lang/zh-cn.php
[ info ] [ ROUTE ] array (
  'type' => 'module',
  'module' => 
  array (
    0 => 'apple-touch-icon.png',
    1 => NULL,
    2 => NULL,
  ),
)
[ info ] [ HEADER ] array (
  'host' => 'localhost',
  'accept' => '*/*',
  'accept-language' => 'zh-cn',
  'connection' => 'keep-alive',
  'accept-encoding' => 'gzip, deflate',
  'user-agent' => 'Safari%20%E6%B5%8F%E8%A7%88%E5%99%A8/14608.1.49 CFNetwork/978.0.7 Darwin/18.7.0 (x86_64)',
)
[ info ] [ PARAM ] array (
)
[ info ] [ LOG ] INIT File

---------------------------------------------------------------
